2024-03-19T09:09:46.149+09:00  INFO 14880 --- [ch10] [restartedMain] kr.co.ch10.Ch10Application               : Starting Ch10Application using Java 17.0.9 with PID 14880 (C:\Users\JAVA2\Desktop\WorkSpace2\Spring\ch10\build\classes\java\main started by JAVA2 in C:\Users\JAVA2\Desktop\WorkSpace2\Spring\ch10)
2024-03-19T09:09:46.152+09:00  INFO 14880 --- [ch10] [restartedMain] kr.co.ch10.Ch10Application               : No active profile set, falling back to 1 default profile: "default"
2024-03-19T09:09:46.180+09:00  INFO 14880 --- [ch10] [restartedMain] .e.DevToolsPropertyDefaultsPostProcessor : Devtools property defaults active! Set 'spring.devtools.add-properties' to 'false' to disable
2024-03-19T09:09:46.181+09:00  INFO 14880 --- [ch10] [restartedMain] .e.DevToolsPropertyDefaultsPostProcessor : For additional web related logging consider setting the 'logging.level.web' property to 'DEBUG'
2024-03-19T09:09:46.551+09:00  INFO 14880 --- [ch10] [restartedMain] .s.d.r.c.RepositoryConfigurationDelegate : Bootstrapping Spring Data JPA repositories in DEFAULT mode.
2024-03-19T09:09:46.583+09:00  INFO 14880 --- [ch10] [restartedMain] .s.d.r.c.RepositoryConfigurationDelegate : Finished Spring Data repository scanning in 26 ms. Found 1 JPA repository interface.
2024-03-19T09:09:46.909+09:00  INFO 14880 --- [ch10] [restartedMain] o.s.b.w.embedded.tomcat.TomcatWebServer  : Tomcat initialized with port 8080 (http)
2024-03-19T09:09:46.914+09:00  INFO 14880 --- [ch10] [restartedMain] o.apache.catalina.core.StandardService   : Starting service [Tomcat]
2024-03-19T09:09:46.914+09:00  INFO 14880 --- [ch10] [restartedMain] o.apache.catalina.core.StandardEngine    : Starting Servlet engine: [Apache Tomcat/10.1.19]
2024-03-19T09:09:46.942+09:00  INFO 14880 --- [ch10] [restartedMain] o.a.c.c.C.[Tomcat].[localhost].[/ch10]   : Initializing Spring embedded WebApplicationContext
2024-03-19T09:09:46.942+09:00  INFO 14880 --- [ch10] [restartedMain] w.s.c.ServletWebServerApplicationContext : Root WebApplicationContext: initialization completed in 761 ms
2024-03-19T09:09:47.032+09:00  INFO 14880 --- [ch10] [restartedMain] o.hibernate.jpa.internal.util.LogHelper  : HHH000204: Processing PersistenceUnitInfo [name: default]
2024-03-19T09:09:47.069+09:00  INFO 14880 --- [ch10] [restartedMain] org.hibernate.Version                    : HHH000412: Hibernate ORM core version 6.4.4.Final
2024-03-19T09:09:47.090+09:00  INFO 14880 --- [ch10] [restartedMain] o.h.c.internal.RegionFactoryInitiator    : HHH000026: Second-level cache disabled
2024-03-19T09:09:47.246+09:00  INFO 14880 --- [ch10] [restartedMain] o.s.o.j.p.SpringPersistenceUnitInfo      : No LoadTimeWeaver setup: ignoring JPA class transformer
2024-03-19T09:09:47.266+09:00  INFO 14880 --- [ch10] [restartedMain] com.zaxxer.hikari.HikariDataSource       : HikariPool-1 - Starting...
2024-03-19T09:09:47.410+09:00  INFO 14880 --- [ch10] [restartedMain] com.zaxxer.hikari.pool.HikariPool        : HikariPool-1 - Added connection com.mysql.cj.jdbc.ConnectionImpl@70382e0a
2024-03-19T09:09:47.411+09:00  INFO 14880 --- [ch10] [restartedMain] com.zaxxer.hikari.HikariDataSource       : HikariPool-1 - Start completed.
2024-03-19T09:09:47.444+09:00  WARN 14880 --- [ch10] [restartedMain] org.hibernate.orm.deprecation            : HHH90000025: MySQLDialect does not need to be specified explicitly using 'hibernate.dialect' (remove the property setting and it will be selected by default)
2024-03-19T09:09:47.909+09:00  INFO 14880 --- [ch10] [restartedMain] o.h.e.t.j.p.i.JtaPlatformInitiator       : HHH000489: No JTA platform available (set 'hibernate.transaction.jta.platform' to enable JTA platform integration)
2024-03-19T09:09:47.947+09:00  INFO 14880 --- [ch10] [restartedMain] j.LocalContainerEntityManagerFactoryBean : Initialized JPA EntityManagerFactory for persistence unit 'default'
2024-03-19T09:09:48.088+09:00  WARN 14880 --- [ch10] [restartedMain] JpaBaseConfiguration$JpaWebConfiguration : spring.jpa.open-in-view is enabled by default. Therefore, database queries may be performed during view rendering. Explicitly configure spring.jpa.open-in-view to disable this warning
2024-03-19T09:09:48.151+09:00  INFO 14880 --- [ch10] [restartedMain] o.s.b.a.w.s.WelcomePageHandlerMapping    : Adding welcome page template: index
2024-03-19T09:09:48.227+09:00  INFO 14880 --- [ch10] [restartedMain] o.s.s.web.DefaultSecurityFilterChain     : Will secure any request with [org.springframework.security.web.session.DisableEncodeUrlFilter@556aeff, org.springframework.security.web.context.request.async.WebAsyncManagerIntegrationFilter@72845762, org.springframework.security.web.context.SecurityContextHolderFilter@37f01177, org.springframework.security.web.header.HeaderWriterFilter@61a9c555, org.springframework.web.filter.CorsFilter@181bd5cf, org.springframework.security.web.authentication.logout.LogoutFilter@d0f6f58, kr.co.ch10.jwt.JwtAuthenticationFilter@16e7bd02, org.springframework.security.web.savedrequest.RequestCacheAwareFilter@5acbd0f4, org.springframework.security.web.servletapi.SecurityContextHolderAwareRequestFilter@331cf4cf, org.springframework.security.web.authentication.AnonymousAuthenticationFilter@26f6d877, org.springframework.security.web.session.SessionManagementFilter@153b281b, org.springframework.security.web.access.ExceptionTranslationFilter@6f3d91a2, org.springframework.security.web.access.intercept.AuthorizationFilter@678214fb]
2024-03-19T09:09:48.350+09:00  INFO 14880 --- [ch10] [restartedMain] o.s.b.d.a.OptionalLiveReloadServer       : LiveReload server is running on port 35729
2024-03-19T09:09:48.377+09:00  INFO 14880 --- [ch10] [restartedMain] o.s.b.w.embedded.tomcat.TomcatWebServer  : Tomcat started on port 8080 (http) with context path '/ch10'
2024-03-19T09:09:48.383+09:00  INFO 14880 --- [ch10] [restartedMain] kr.co.ch10.Ch10Application               : Started Ch10Application in 2.477 seconds (process running for 2.849)
