2024-03-13T09:35:00.159+09:00  INFO 15076 --- [ch08] [restartedMain] kr.co.ch08.Ch08Application               : Starting Ch08Application using Java 17.0.9 with PID 15076 (C:\Users\JAVA2\Desktop\WorkSpace2\Spring\ch08\build\classes\java\main started by JAVA2 in C:\Users\JAVA2\Desktop\WorkSpace2\Spring\ch08)
2024-03-13T09:35:00.160+09:00  INFO 15076 --- [ch08] [restartedMain] kr.co.ch08.Ch08Application               : No active profile set, falling back to 1 default profile: "default"
2024-03-13T09:35:00.206+09:00  INFO 15076 --- [ch08] [restartedMain] .e.DevToolsPropertyDefaultsPostProcessor : Devtools property defaults active! Set 'spring.devtools.add-properties' to 'false' to disable
2024-03-13T09:35:00.206+09:00  INFO 15076 --- [ch08] [restartedMain] .e.DevToolsPropertyDefaultsPostProcessor : For additional web related logging consider setting the 'logging.level.web' property to 'DEBUG'
2024-03-13T09:35:00.617+09:00  INFO 15076 --- [ch08] [restartedMain] .s.d.r.c.RepositoryConfigurationDelegate : Bootstrapping Spring Data JPA repositories in DEFAULT mode.
2024-03-13T09:35:00.624+09:00  INFO 15076 --- [ch08] [restartedMain] .s.d.r.c.RepositoryConfigurationDelegate : Finished Spring Data repository scanning in 2 ms. Found 0 JPA repository interfaces.
2024-03-13T09:35:00.694+09:00  WARN 15076 --- [ch08] [restartedMain] o.m.s.mapper.ClassPathMapperScanner      : No MyBatis mapper was found in '[kr.co.ch08]' package. Please check your configuration.
2024-03-13T09:35:00.927+09:00  INFO 15076 --- [ch08] [restartedMain] o.s.b.w.embedded.tomcat.TomcatWebServer  : Tomcat initialized with port 8080 (http)
2024-03-13T09:35:00.934+09:00  INFO 15076 --- [ch08] [restartedMain] o.apache.catalina.core.StandardService   : Starting service [Tomcat]
2024-03-13T09:35:00.934+09:00  INFO 15076 --- [ch08] [restartedMain] o.apache.catalina.core.StandardEngine    : Starting Servlet engine: [Apache Tomcat/10.1.19]
2024-03-13T09:35:00.961+09:00  INFO 15076 --- [ch08] [restartedMain] o.a.c.c.C.[Tomcat].[localhost].[/ch08]   : Initializing Spring embedded WebApplicationContext
2024-03-13T09:35:00.961+09:00  INFO 15076 --- [ch08] [restartedMain] w.s.c.ServletWebServerApplicationContext : Root WebApplicationContext: initialization completed in 754 ms
2024-03-13T09:35:01.048+09:00  INFO 15076 --- [ch08] [restartedMain] o.hibernate.jpa.internal.util.LogHelper  : HHH000204: Processing PersistenceUnitInfo [name: default]
2024-03-13T09:35:01.092+09:00  INFO 15076 --- [ch08] [restartedMain] org.hibernate.Version                    : HHH000412: Hibernate ORM core version 6.4.4.Final
2024-03-13T09:35:01.114+09:00  INFO 15076 --- [ch08] [restartedMain] o.h.c.internal.RegionFactoryInitiator    : HHH000026: Second-level cache disabled
2024-03-13T09:35:01.260+09:00  INFO 15076 --- [ch08] [restartedMain] o.s.o.j.p.SpringPersistenceUnitInfo      : No LoadTimeWeaver setup: ignoring JPA class transformer
2024-03-13T09:35:01.277+09:00  INFO 15076 --- [ch08] [restartedMain] com.zaxxer.hikari.HikariDataSource       : HikariPool-1 - Starting...
2024-03-13T09:35:01.483+09:00  INFO 15076 --- [ch08] [restartedMain] com.zaxxer.hikari.pool.HikariPool        : HikariPool-1 - Added connection com.mysql.cj.jdbc.ConnectionImpl@38aec70
2024-03-13T09:35:01.484+09:00  INFO 15076 --- [ch08] [restartedMain] com.zaxxer.hikari.HikariDataSource       : HikariPool-1 - Start completed.
2024-03-13T09:35:01.524+09:00  WARN 15076 --- [ch08] [restartedMain] org.hibernate.orm.deprecation            : HHH90000025: MySQLDialect does not need to be specified explicitly using 'hibernate.dialect' (remove the property setting and it will be selected by default)
2024-03-13T09:35:01.730+09:00  INFO 15076 --- [ch08] [restartedMain] o.h.e.t.j.p.i.JtaPlatformInitiator       : HHH000489: No JTA platform available (set 'hibernate.transaction.jta.platform' to enable JTA platform integration)
2024-03-13T09:35:01.733+09:00  INFO 15076 --- [ch08] [restartedMain] j.LocalContainerEntityManagerFactoryBean : Initialized JPA EntityManagerFactory for persistence unit 'default'
2024-03-13T09:35:01.757+09:00  WARN 15076 --- [ch08] [restartedMain] JpaBaseConfiguration$JpaWebConfiguration : spring.jpa.open-in-view is enabled by default. Therefore, database queries may be performed during view rendering. Explicitly configure spring.jpa.open-in-view to disable this warning
2024-03-13T09:35:01.773+09:00  INFO 15076 --- [ch08] [restartedMain] o.s.b.a.w.s.WelcomePageHandlerMapping    : Adding welcome page template: index
2024-03-13T09:35:01.987+09:00  WARN 15076 --- [ch08] [restartedMain] .s.s.UserDetailsServiceAutoConfiguration : 

Using generated security password: e2f60498-3257-4e43-9636-129667e4ae72

This generated password is for development use only. Your security configuration must be updated before running your application in production.

2024-03-13T09:35:02.039+09:00  INFO 15076 --- [ch08] [restartedMain] o.s.s.web.DefaultSecurityFilterChain     : Will secure any request with [org.springframework.security.web.session.DisableEncodeUrlFilter@5f2ccede, org.springframework.security.web.context.request.async.WebAsyncManagerIntegrationFilter@4ba7ac8d, org.springframework.security.web.context.SecurityContextHolderFilter@1c050315, org.springframework.security.web.header.HeaderWriterFilter@727d228a, org.springframework.web.filter.CorsFilter@1ccf5ecc, org.springframework.security.web.csrf.CsrfFilter@7836039a, org.springframework.security.web.authentication.logout.LogoutFilter@4c9b5bc2, org.springframework.security.web.authentication.UsernamePasswordAuthenticationFilter@5a50c715, org.springframework.security.web.authentication.ui.DefaultLoginPageGeneratingFilter@40da645, org.springframework.security.web.authentication.ui.DefaultLogoutPageGeneratingFilter@140d6c3b, org.springframework.security.web.authentication.www.BasicAuthenticationFilter@7b2df640, org.springframework.security.web.savedrequest.RequestCacheAwareFilter@42aaccdf, org.springframework.security.web.servletapi.SecurityContextHolderAwareRequestFilter@62e8e45d, org.springframework.security.web.authentication.AnonymousAuthenticationFilter@2d6e1a5a, org.springframework.security.web.access.ExceptionTranslationFilter@abf4ba1, org.springframework.security.web.access.intercept.AuthorizationFilter@4eda3c69]
2024-03-13T09:35:02.060+09:00  INFO 15076 --- [ch08] [restartedMain] o.s.b.d.a.OptionalLiveReloadServer       : LiveReload server is running on port 35729
2024-03-13T09:35:02.082+09:00  INFO 15076 --- [ch08] [restartedMain] o.s.b.w.embedded.tomcat.TomcatWebServer  : Tomcat started on port 8080 (http) with context path '/ch08'
2024-03-13T09:35:02.088+09:00  INFO 15076 --- [ch08] [restartedMain] kr.co.ch08.Ch08Application               : Started Ch08Application in 2.205 seconds (process running for 2.688)
2024-03-13T09:35:31.682+09:00  INFO 15076 --- [ch08] [SpringApplicationShutdownHook] j.LocalContainerEntityManagerFactoryBean : Closing JPA EntityManagerFactory for persistence unit 'default'
2024-03-13T09:35:31.684+09:00  INFO 15076 --- [ch08] [SpringApplicationShutdownHook] com.zaxxer.hikari.HikariDataSource       : HikariPool-1 - Shutdown initiated...
2024-03-13T09:35:31.690+09:00  INFO 15076 --- [ch08] [SpringApplicationShutdownHook] com.zaxxer.hikari.HikariDataSource       : HikariPool-1 - Shutdown completed.
2024-03-13T09:35:35.360+09:00  INFO 13192 --- [ch08] [restartedMain] kr.co.ch08.Ch08Application               : Starting Ch08Application using Java 17.0.9 with PID 13192 (C:\Users\JAVA2\Desktop\WorkSpace2\Spring\ch08\build\classes\java\main started by JAVA2 in C:\Users\JAVA2\Desktop\WorkSpace2\Spring\ch08)
2024-03-13T09:35:35.361+09:00  INFO 13192 --- [ch08] [restartedMain] kr.co.ch08.Ch08Application               : No active profile set, falling back to 1 default profile: "default"
2024-03-13T09:35:35.383+09:00  INFO 13192 --- [ch08] [restartedMain] .e.DevToolsPropertyDefaultsPostProcessor : Devtools property defaults active! Set 'spring.devtools.add-properties' to 'false' to disable
2024-03-13T09:35:35.384+09:00  INFO 13192 --- [ch08] [restartedMain] .e.DevToolsPropertyDefaultsPostProcessor : For additional web related logging consider setting the 'logging.level.web' property to 'DEBUG'
2024-03-13T09:35:35.708+09:00  INFO 13192 --- [ch08] [restartedMain] .s.d.r.c.RepositoryConfigurationDelegate : Bootstrapping Spring Data JPA repositories in DEFAULT mode.
2024-03-13T09:35:35.714+09:00  INFO 13192 --- [ch08] [restartedMain] .s.d.r.c.RepositoryConfigurationDelegate : Finished Spring Data repository scanning in 2 ms. Found 0 JPA repository interfaces.
2024-03-13T09:35:35.777+09:00  WARN 13192 --- [ch08] [restartedMain] o.m.s.mapper.ClassPathMapperScanner      : No MyBatis mapper was found in '[kr.co.ch08]' package. Please check your configuration.
2024-03-13T09:35:35.989+09:00  INFO 13192 --- [ch08] [restartedMain] o.s.b.w.embedded.tomcat.TomcatWebServer  : Tomcat initialized with port 8080 (http)
2024-03-13T09:35:35.995+09:00  INFO 13192 --- [ch08] [restartedMain] o.apache.catalina.core.StandardService   : Starting service [Tomcat]
2024-03-13T09:35:35.996+09:00  INFO 13192 --- [ch08] [restartedMain] o.apache.catalina.core.StandardEngine    : Starting Servlet engine: [Apache Tomcat/10.1.19]
2024-03-13T09:35:36.019+09:00  INFO 13192 --- [ch08] [restartedMain] o.a.c.c.C.[Tomcat].[localhost].[/ch08]   : Initializing Spring embedded WebApplicationContext
2024-03-13T09:35:36.019+09:00  INFO 13192 --- [ch08] [restartedMain] w.s.c.ServletWebServerApplicationContext : Root WebApplicationContext: initialization completed in 635 ms
2024-03-13T09:35:36.097+09:00  INFO 13192 --- [ch08] [restartedMain] o.hibernate.jpa.internal.util.LogHelper  : HHH000204: Processing PersistenceUnitInfo [name: default]
2024-03-13T09:35:36.122+09:00  INFO 13192 --- [ch08] [restartedMain] org.hibernate.Version                    : HHH000412: Hibernate ORM core version 6.4.4.Final
2024-03-13T09:35:36.138+09:00  INFO 13192 --- [ch08] [restartedMain] o.h.c.internal.RegionFactoryInitiator    : HHH000026: Second-level cache disabled
2024-03-13T09:35:36.263+09:00  INFO 13192 --- [ch08] [restartedMain] o.s.o.j.p.SpringPersistenceUnitInfo      : No LoadTimeWeaver setup: ignoring JPA class transformer
2024-03-13T09:35:36.278+09:00  INFO 13192 --- [ch08] [restartedMain] com.zaxxer.hikari.HikariDataSource       : HikariPool-1 - Starting...
2024-03-13T09:35:36.410+09:00  INFO 13192 --- [ch08] [restartedMain] com.zaxxer.hikari.pool.HikariPool        : HikariPool-1 - Added connection com.mysql.cj.jdbc.ConnectionImpl@2c2bcb23
2024-03-13T09:35:36.411+09:00  INFO 13192 --- [ch08] [restartedMain] com.zaxxer.hikari.HikariDataSource       : HikariPool-1 - Start completed.
2024-03-13T09:35:36.436+09:00  WARN 13192 --- [ch08] [restartedMain] org.hibernate.orm.deprecation            : HHH90000025: MySQLDialect does not need to be specified explicitly using 'hibernate.dialect' (remove the property setting and it will be selected by default)
2024-03-13T09:35:36.599+09:00  INFO 13192 --- [ch08] [restartedMain] o.h.e.t.j.p.i.JtaPlatformInitiator       : HHH000489: No JTA platform available (set 'hibernate.transaction.jta.platform' to enable JTA platform integration)
2024-03-13T09:35:36.601+09:00  INFO 13192 --- [ch08] [restartedMain] j.LocalContainerEntityManagerFactoryBean : Initialized JPA EntityManagerFactory for persistence unit 'default'
2024-03-13T09:35:36.628+09:00  WARN 13192 --- [ch08] [restartedMain] JpaBaseConfiguration$JpaWebConfiguration : spring.jpa.open-in-view is enabled by default. Therefore, database queries may be performed during view rendering. Explicitly configure spring.jpa.open-in-view to disable this warning
2024-03-13T09:35:36.645+09:00  INFO 13192 --- [ch08] [restartedMain] o.s.b.a.w.s.WelcomePageHandlerMapping    : Adding welcome page template: index
2024-03-13T09:35:36.847+09:00  WARN 13192 --- [ch08] [restartedMain] .s.s.UserDetailsServiceAutoConfiguration : 

Using generated security password: 7e43db06-1571-4469-a60e-867e40b380a6

This generated password is for development use only. Your security configuration must be updated before running your application in production.

2024-03-13T09:35:36.900+09:00  INFO 13192 --- [ch08] [restartedMain] o.s.s.web.DefaultSecurityFilterChain     : Will secure any request with [org.springframework.security.web.session.DisableEncodeUrlFilter@77131719, org.springframework.security.web.context.request.async.WebAsyncManagerIntegrationFilter@683554e6, org.springframework.security.web.context.SecurityContextHolderFilter@36b223ce, org.springframework.security.web.header.HeaderWriterFilter@426c8858, org.springframework.web.filter.CorsFilter@34015e9a, org.springframework.security.web.csrf.CsrfFilter@11126df5, org.springframework.security.web.authentication.logout.LogoutFilter@5de0ea7a, org.springframework.security.web.authentication.UsernamePasswordAuthenticationFilter@2a22f6b7, org.springframework.security.web.authentication.ui.DefaultLoginPageGeneratingFilter@727d228a, org.springframework.security.web.authentication.ui.DefaultLogoutPageGeneratingFilter@24786156, org.springframework.security.web.authentication.www.BasicAuthenticationFilter@4eda3c69, org.springframework.security.web.savedrequest.RequestCacheAwareFilter@37b2b30d, org.springframework.security.web.servletapi.SecurityContextHolderAwareRequestFilter@4ddc6506, org.springframework.security.web.authentication.AnonymousAuthenticationFilter@4b3c011f, org.springframework.security.web.access.ExceptionTranslationFilter@1daca412, org.springframework.security.web.access.intercept.AuthorizationFilter@3c71ffb0]
2024-03-13T09:35:36.922+09:00  INFO 13192 --- [ch08] [restartedMain] o.s.b.d.a.OptionalLiveReloadServer       : LiveReload server is running on port 35729
2024-03-13T09:35:36.939+09:00  INFO 13192 --- [ch08] [restartedMain] o.s.b.w.embedded.tomcat.TomcatWebServer  : Tomcat started on port 8080 (http) with context path '/ch08'
2024-03-13T09:35:36.944+09:00  INFO 13192 --- [ch08] [restartedMain] kr.co.ch08.Ch08Application               : Started Ch08Application in 1.786 seconds (process running for 2.08)
2024-03-13T09:35:51.993+09:00  INFO 13192 --- [ch08] [http-nio-8080-exec-4] o.a.c.c.C.[Tomcat].[localhost].[/ch08]   : Initializing Spring DispatcherServlet 'dispatcherServlet'
2024-03-13T09:35:51.993+09:00  INFO 13192 --- [ch08] [http-nio-8080-exec-4] o.s.web.servlet.DispatcherServlet        : Initializing Servlet 'dispatcherServlet'
2024-03-13T09:35:51.993+09:00  INFO 13192 --- [ch08] [http-nio-8080-exec-4] o.s.web.servlet.DispatcherServlet        : Completed initialization in 0 ms
2024-03-13T09:39:37.407+09:00  INFO 13192 --- [ch08] [File Watcher] rtingClassPathChangeChangedEventListener : Restarting due to 1 class path change (1 addition, 0 deletions, 0 modifications)
2024-03-13T09:39:37.421+09:00  INFO 13192 --- [ch08] [Thread-5] j.LocalContainerEntityManagerFactoryBean : Closing JPA EntityManagerFactory for persistence unit 'default'
2024-03-13T09:39:37.424+09:00  INFO 13192 --- [ch08] [Thread-5] com.zaxxer.hikari.HikariDataSource       : HikariPool-1 - Shutdown initiated...
2024-03-13T09:39:37.430+09:00  INFO 13192 --- [ch08] [Thread-5] com.zaxxer.hikari.HikariDataSource       : HikariPool-1 - Shutdown completed.
2024-03-13T09:39:37.481+09:00  INFO 13192 --- [ch08] [restartedMain] kr.co.ch08.Ch08Application               : Starting Ch08Application using Java 17.0.9 with PID 13192 (C:\Users\JAVA2\Desktop\WorkSpace2\Spring\ch08\build\classes\java\main started by JAVA2 in C:\Users\JAVA2\Desktop\WorkSpace2\Spring\ch08)
2024-03-13T09:39:37.481+09:00  INFO 13192 --- [ch08] [restartedMain] kr.co.ch08.Ch08Application               : No active profile set, falling back to 1 default profile: "default"
2024-03-13T09:39:37.571+09:00  INFO 13192 --- [ch08] [restartedMain] .s.d.r.c.RepositoryConfigurationDelegate : Bootstrapping Spring Data JPA repositories in DEFAULT mode.
2024-03-13T09:39:37.572+09:00  INFO 13192 --- [ch08] [restartedMain] .s.d.r.c.RepositoryConfigurationDelegate : Finished Spring Data repository scanning in 0 ms. Found 0 JPA repository interfaces.
2024-03-13T09:39:37.593+09:00  WARN 13192 --- [ch08] [restartedMain] o.m.s.mapper.ClassPathMapperScanner      : No MyBatis mapper was found in '[kr.co.ch08]' package. Please check your configuration.
2024-03-13T09:39:37.622+09:00  INFO 13192 --- [ch08] [restartedMain] o.s.b.w.embedded.tomcat.TomcatWebServer  : Tomcat initialized with port 8080 (http)
2024-03-13T09:39:37.622+09:00  INFO 13192 --- [ch08] [restartedMain] o.apache.catalina.core.StandardService   : Starting service [Tomcat]
2024-03-13T09:39:37.622+09:00  INFO 13192 --- [ch08] [restartedMain] o.apache.catalina.core.StandardEngine    : Starting Servlet engine: [Apache Tomcat/10.1.19]
2024-03-13T09:39:37.630+09:00  INFO 13192 --- [ch08] [restartedMain] o.a.c.c.C.[Tomcat].[localhost].[/ch08]   : Initializing Spring embedded WebApplicationContext
2024-03-13T09:39:37.630+09:00  INFO 13192 --- [ch08] [restartedMain] w.s.c.ServletWebServerApplicationContext : Root WebApplicationContext: initialization completed in 147 ms
2024-03-13T09:39:37.648+09:00  INFO 13192 --- [ch08] [restartedMain] o.hibernate.jpa.internal.util.LogHelper  : HHH000204: Processing PersistenceUnitInfo [name: default]
2024-03-13T09:39:37.650+09:00  INFO 13192 --- [ch08] [restartedMain] o.h.c.internal.RegionFactoryInitiator    : HHH000026: Second-level cache disabled
2024-03-13T09:39:37.653+09:00  INFO 13192 --- [ch08] [restartedMain] o.s.o.j.p.SpringPersistenceUnitInfo      : No LoadTimeWeaver setup: ignoring JPA class transformer
2024-03-13T09:39:37.654+09:00  INFO 13192 --- [ch08] [restartedMain] com.zaxxer.hikari.HikariDataSource       : HikariPool-2 - Starting...
2024-03-13T09:39:37.662+09:00  INFO 13192 --- [ch08] [restartedMain] com.zaxxer.hikari.pool.HikariPool        : HikariPool-2 - Added connection com.mysql.cj.jdbc.ConnectionImpl@17fa61d1
2024-03-13T09:39:37.663+09:00  INFO 13192 --- [ch08] [restartedMain] com.zaxxer.hikari.HikariDataSource       : HikariPool-2 - Start completed.
2024-03-13T09:39:37.664+09:00  WARN 13192 --- [ch08] [restartedMain] org.hibernate.orm.deprecation            : HHH90000025: MySQLDialect does not need to be specified explicitly using 'hibernate.dialect' (remove the property setting and it will be selected by default)
2024-03-13T09:39:37.672+09:00  INFO 13192 --- [ch08] [restartedMain] o.h.e.t.j.p.i.JtaPlatformInitiator       : HHH000489: No JTA platform available (set 'hibernate.transaction.jta.platform' to enable JTA platform integration)
2024-03-13T09:39:37.672+09:00  INFO 13192 --- [ch08] [restartedMain] j.LocalContainerEntityManagerFactoryBean : Initialized JPA EntityManagerFactory for persistence unit 'default'
2024-03-13T09:39:37.684+09:00  WARN 13192 --- [ch08] [restartedMain] JpaBaseConfiguration$JpaWebConfiguration : spring.jpa.open-in-view is enabled by default. Therefore, database queries may be performed during view rendering. Explicitly configure spring.jpa.open-in-view to disable this warning
2024-03-13T09:39:37.689+09:00  INFO 13192 --- [ch08] [restartedMain] o.s.b.a.w.s.WelcomePageHandlerMapping    : Adding welcome page template: index
2024-03-13T09:39:37.745+09:00  WARN 13192 --- [ch08] [restartedMain] .s.s.UserDetailsServiceAutoConfiguration : 

Using generated security password: c134ae00-3259-4889-bfa7-8f82a64bc240

This generated password is for development use only. Your security configuration must be updated before running your application in production.

2024-03-13T09:39:37.751+09:00  INFO 13192 --- [ch08] [restartedMain] o.s.s.web.DefaultSecurityFilterChain     : Will secure any request with [org.springframework.security.web.session.DisableEncodeUrlFilter@5ac368da, org.springframework.security.web.context.request.async.WebAsyncManagerIntegrationFilter@68615ade, org.springframework.security.web.context.SecurityContextHolderFilter@31f09d99, org.springframework.security.web.header.HeaderWriterFilter@21ea69f6, org.springframework.web.filter.CorsFilter@5114d7ac, org.springframework.security.web.csrf.CsrfFilter@54a3f533, org.springframework.security.web.authentication.logout.LogoutFilter@3d34136f, org.springframework.security.web.authentication.UsernamePasswordAuthenticationFilter@53ad4c22, org.springframework.security.web.authentication.ui.DefaultLoginPageGeneratingFilter@29f690e0, org.springframework.security.web.authentication.ui.DefaultLogoutPageGeneratingFilter@191582db, org.springframework.security.web.authentication.www.BasicAuthenticationFilter@34bf8ec3, org.springframework.security.web.savedrequest.RequestCacheAwareFilter@7a31ecf9, org.springframework.security.web.servletapi.SecurityContextHolderAwareRequestFilter@5b21e7ab, org.springframework.security.web.authentication.AnonymousAuthenticationFilter@5851ac9b, org.springframework.security.web.access.ExceptionTranslationFilter@60d83d21, org.springframework.security.web.access.intercept.AuthorizationFilter@4e1f91e5]
2024-03-13T09:39:37.757+09:00  INFO 13192 --- [ch08] [restartedMain] o.s.b.d.a.OptionalLiveReloadServer       : LiveReload server is running on port 35729
2024-03-13T09:39:37.762+09:00  INFO 13192 --- [ch08] [restartedMain] o.s.b.w.embedded.tomcat.TomcatWebServer  : Tomcat started on port 8080 (http) with context path '/ch08'
2024-03-13T09:39:37.764+09:00  INFO 13192 --- [ch08] [restartedMain] kr.co.ch08.Ch08Application               : Started Ch08Application in 0.296 seconds (process running for 242.901)
2024-03-13T09:39:37.765+09:00  INFO 13192 --- [ch08] [restartedMain] .ConditionEvaluationDeltaLoggingListener : Condition evaluation unchanged
2024-03-13T09:41:51.436+09:00  INFO 13192 --- [ch08] [File Watcher] rtingClassPathChangeChangedEventListener : Restarting due to 1 class path change (0 additions, 0 deletions, 1 modification)
2024-03-13T09:41:51.448+09:00  INFO 13192 --- [ch08] [Thread-7] j.LocalContainerEntityManagerFactoryBean : Closing JPA EntityManagerFactory for persistence unit 'default'
2024-03-13T09:41:51.449+09:00  INFO 13192 --- [ch08] [Thread-7] com.zaxxer.hikari.HikariDataSource       : HikariPool-2 - Shutdown initiated...
2024-03-13T09:41:51.453+09:00  INFO 13192 --- [ch08] [Thread-7] com.zaxxer.hikari.HikariDataSource       : HikariPool-2 - Shutdown completed.
2024-03-13T09:41:51.501+09:00  INFO 13192 --- [ch08] [restartedMain] kr.co.ch08.Ch08Application               : Starting Ch08Application using Java 17.0.9 with PID 13192 (C:\Users\JAVA2\Desktop\WorkSpace2\Spring\ch08\build\classes\java\main started by JAVA2 in C:\Users\JAVA2\Desktop\WorkSpace2\Spring\ch08)
2024-03-13T09:41:51.502+09:00  INFO 13192 --- [ch08] [restartedMain] kr.co.ch08.Ch08Application               : No active profile set, falling back to 1 default profile: "default"
2024-03-13T09:41:51.582+09:00  INFO 13192 --- [ch08] [restartedMain] .s.d.r.c.RepositoryConfigurationDelegate : Bootstrapping Spring Data JPA repositories in DEFAULT mode.
2024-03-13T09:41:51.583+09:00  INFO 13192 --- [ch08] [restartedMain] .s.d.r.c.RepositoryConfigurationDelegate : Finished Spring Data repository scanning in 0 ms. Found 0 JPA repository interfaces.
2024-03-13T09:41:51.599+09:00  WARN 13192 --- [ch08] [restartedMain] o.m.s.mapper.ClassPathMapperScanner      : No MyBatis mapper was found in '[kr.co.ch08]' package. Please check your configuration.
2024-03-13T09:41:51.629+09:00  INFO 13192 --- [ch08] [restartedMain] o.s.b.w.embedded.tomcat.TomcatWebServer  : Tomcat initialized with port 8080 (http)
2024-03-13T09:41:51.629+09:00  INFO 13192 --- [ch08] [restartedMain] o.apache.catalina.core.StandardService   : Starting service [Tomcat]
2024-03-13T09:41:51.629+09:00  INFO 13192 --- [ch08] [restartedMain] o.apache.catalina.core.StandardEngine    : Starting Servlet engine: [Apache Tomcat/10.1.19]
2024-03-13T09:41:51.636+09:00  INFO 13192 --- [ch08] [restartedMain] o.a.c.c.C.[Tomcat].[localhost].[/ch08]   : Initializing Spring embedded WebApplicationContext
2024-03-13T09:41:51.636+09:00  INFO 13192 --- [ch08] [restartedMain] w.s.c.ServletWebServerApplicationContext : Root WebApplicationContext: initialization completed in 134 ms
2024-03-13T09:41:51.651+09:00  INFO 13192 --- [ch08] [restartedMain] o.hibernate.jpa.internal.util.LogHelper  : HHH000204: Processing PersistenceUnitInfo [name: default]
2024-03-13T09:41:51.654+09:00  INFO 13192 --- [ch08] [restartedMain] o.h.c.internal.RegionFactoryInitiator    : HHH000026: Second-level cache disabled
2024-03-13T09:41:51.656+09:00  INFO 13192 --- [ch08] [restartedMain] o.s.o.j.p.SpringPersistenceUnitInfo      : No LoadTimeWeaver setup: ignoring JPA class transformer
2024-03-13T09:41:51.657+09:00  INFO 13192 --- [ch08] [restartedMain] com.zaxxer.hikari.HikariDataSource       : HikariPool-3 - Starting...
2024-03-13T09:41:51.663+09:00  INFO 13192 --- [ch08] [restartedMain] com.zaxxer.hikari.pool.HikariPool        : HikariPool-3 - Added connection com.mysql.cj.jdbc.ConnectionImpl@76e20cfb
2024-03-13T09:41:51.664+09:00  INFO 13192 --- [ch08] [restartedMain] com.zaxxer.hikari.HikariDataSource       : HikariPool-3 - Start completed.
2024-03-13T09:41:51.664+09:00  WARN 13192 --- [ch08] [restartedMain] org.hibernate.orm.deprecation            : HHH90000025: MySQLDialect does not need to be specified explicitly using 'hibernate.dialect' (remove the property setting and it will be selected by default)
2024-03-13T09:41:51.671+09:00  INFO 13192 --- [ch08] [restartedMain] o.h.e.t.j.p.i.JtaPlatformInitiator       : HHH000489: No JTA platform available (set 'hibernate.transaction.jta.platform' to enable JTA platform integration)
2024-03-13T09:41:51.671+09:00  INFO 13192 --- [ch08] [restartedMain] j.LocalContainerEntityManagerFactoryBean : Initialized JPA EntityManagerFactory for persistence unit 'default'
2024-03-13T09:41:51.679+09:00  WARN 13192 --- [ch08] [restartedMain] JpaBaseConfiguration$JpaWebConfiguration : spring.jpa.open-in-view is enabled by default. Therefore, database queries may be performed during view rendering. Explicitly configure spring.jpa.open-in-view to disable this warning
2024-03-13T09:41:51.683+09:00  WARN 13192 --- [ch08] [restartedMain] .s.s.UserDetailsServiceAutoConfiguration : 

Using generated security password: 04970893-78a8-440e-931a-8265898ff092

This generated password is for development use only. Your security configuration must be updated before running your application in production.

2024-03-13T09:41:51.688+09:00  INFO 13192 --- [ch08] [restartedMain] o.s.b.a.w.s.WelcomePageHandlerMapping    : Adding welcome page template: index
2024-03-13T09:41:51.733+09:00  INFO 13192 --- [ch08] [restartedMain] o.s.s.web.DefaultSecurityFilterChain     : Will secure any request with [org.springframework.security.web.session.DisableEncodeUrlFilter@6f997976, org.springframework.security.web.context.request.async.WebAsyncManagerIntegrationFilter@b42a39e, org.springframework.security.web.context.SecurityContextHolderFilter@fc1de14, org.springframework.security.web.header.HeaderWriterFilter@423fd91b, org.springframework.web.filter.CorsFilter@1db92e8b, org.springframework.security.web.csrf.CsrfFilter@708047ff, org.springframework.security.web.authentication.logout.LogoutFilter@40469c7f, org.springframework.security.web.authentication.UsernamePasswordAuthenticationFilter@1e61019c, org.springframework.security.web.authentication.ui.DefaultLoginPageGeneratingFilter@5a9c9d20, org.springframework.security.web.authentication.ui.DefaultLogoutPageGeneratingFilter@71ff1cfc, org.springframework.security.web.authentication.www.BasicAuthenticationFilter@6a30d34b, org.springframework.security.web.savedrequest.RequestCacheAwareFilter@7d0cdfac, org.springframework.security.web.servletapi.SecurityContextHolderAwareRequestFilter@66d767e0, org.springframework.security.web.authentication.AnonymousAuthenticationFilter@5589897c, org.springframework.security.web.access.ExceptionTranslationFilter@7efca79a, org.springframework.security.web.access.intercept.AuthorizationFilter@2338e0e3]
2024-03-13T09:41:51.737+09:00  INFO 13192 --- [ch08] [restartedMain] o.s.b.d.a.OptionalLiveReloadServer       : LiveReload server is running on port 35729
2024-03-13T09:41:51.741+09:00  INFO 13192 --- [ch08] [restartedMain] o.s.b.w.embedded.tomcat.TomcatWebServer  : Tomcat started on port 8080 (http) with context path '/ch08'
2024-03-13T09:41:51.744+09:00  INFO 13192 --- [ch08] [restartedMain] kr.co.ch08.Ch08Application               : Started Ch08Application in 0.255 seconds (process running for 376.88)
2024-03-13T09:41:51.745+09:00  INFO 13192 --- [ch08] [restartedMain] .ConditionEvaluationDeltaLoggingListener : Condition evaluation delta:


==========================
CONDITION EVALUATION DELTA
==========================


Positive matches:
-----------------

    None


Negative matches:
-----------------

   SpringBootWebSecurityConfiguration.SecurityFilterChainConfiguration:
      Did not match:
         - AllNestedConditions 1 matched 1 did not; NestedCondition on DefaultWebSecurityCondition.Beans @ConditionalOnMissingBean (types: org.springframework.security.web.SecurityFilterChain; SearchStrategy: all) found beans of type 'org.springframework.security.web.SecurityFilterChain' filterChain; NestedCondition on DefaultWebSecurityCondition.Classes @ConditionalOnClass found required classes 'org.springframework.security.web.SecurityFilterChain', 'org.springframework.security.config.annotation.web.builders.HttpSecurity' (DefaultWebSecurityCondition)


Exclusions:
-----------

    None


Unconditional classes:
----------------------

    None



2024-03-13T09:42:24.724+09:00  INFO 13192 --- [ch08] [File Watcher] rtingClassPathChangeChangedEventListener : Restarting due to 1 class path change (0 additions, 0 deletions, 1 modification)
2024-03-13T09:42:24.732+09:00  INFO 13192 --- [ch08] [Thread-11] j.LocalContainerEntityManagerFactoryBean : Closing JPA EntityManagerFactory for persistence unit 'default'
2024-03-13T09:42:24.733+09:00  INFO 13192 --- [ch08] [Thread-11] com.zaxxer.hikari.HikariDataSource       : HikariPool-3 - Shutdown initiated...
2024-03-13T09:42:24.735+09:00  INFO 13192 --- [ch08] [Thread-11] com.zaxxer.hikari.HikariDataSource       : HikariPool-3 - Shutdown completed.
2024-03-13T09:42:24.782+09:00  INFO 13192 --- [ch08] [restartedMain] kr.co.ch08.Ch08Application               : Starting Ch08Application using Java 17.0.9 with PID 13192 (C:\Users\JAVA2\Desktop\WorkSpace2\Spring\ch08\build\classes\java\main started by JAVA2 in C:\Users\JAVA2\Desktop\WorkSpace2\Spring\ch08)
2024-03-13T09:42:24.782+09:00  INFO 13192 --- [ch08] [restartedMain] kr.co.ch08.Ch08Application               : No active profile set, falling back to 1 default profile: "default"
2024-03-13T09:42:24.859+09:00  INFO 13192 --- [ch08] [restartedMain] .s.d.r.c.RepositoryConfigurationDelegate : Bootstrapping Spring Data JPA repositories in DEFAULT mode.
2024-03-13T09:42:24.860+09:00  INFO 13192 --- [ch08] [restartedMain] .s.d.r.c.RepositoryConfigurationDelegate : Finished Spring Data repository scanning in 0 ms. Found 0 JPA repository interfaces.
2024-03-13T09:42:24.876+09:00  WARN 13192 --- [ch08] [restartedMain] o.m.s.mapper.ClassPathMapperScanner      : No MyBatis mapper was found in '[kr.co.ch08]' package. Please check your configuration.
2024-03-13T09:42:24.916+09:00  INFO 13192 --- [ch08] [restartedMain] o.s.b.w.embedded.tomcat.TomcatWebServer  : Tomcat initialized with port 8080 (http)
2024-03-13T09:42:24.917+09:00  INFO 13192 --- [ch08] [restartedMain] o.apache.catalina.core.StandardService   : Starting service [Tomcat]
2024-03-13T09:42:24.917+09:00  INFO 13192 --- [ch08] [restartedMain] o.apache.catalina.core.StandardEngine    : Starting Servlet engine: [Apache Tomcat/10.1.19]
2024-03-13T09:42:24.929+09:00  INFO 13192 --- [ch08] [restartedMain] o.a.c.c.C.[Tomcat].[localhost].[/ch08]   : Initializing Spring embedded WebApplicationContext
2024-03-13T09:42:24.929+09:00  INFO 13192 --- [ch08] [restartedMain] w.s.c.ServletWebServerApplicationContext : Root WebApplicationContext: initialization completed in 146 ms
2024-03-13T09:42:24.947+09:00  INFO 13192 --- [ch08] [restartedMain] o.hibernate.jpa.internal.util.LogHelper  : HHH000204: Processing PersistenceUnitInfo [name: default]
2024-03-13T09:42:24.949+09:00  INFO 13192 --- [ch08] [restartedMain] o.h.c.internal.RegionFactoryInitiator    : HHH000026: Second-level cache disabled
2024-03-13T09:42:24.952+09:00  INFO 13192 --- [ch08] [restartedMain] o.s.o.j.p.SpringPersistenceUnitInfo      : No LoadTimeWeaver setup: ignoring JPA class transformer
2024-03-13T09:42:24.953+09:00  INFO 13192 --- [ch08] [restartedMain] com.zaxxer.hikari.HikariDataSource       : HikariPool-4 - Starting...
2024-03-13T09:42:24.960+09:00  INFO 13192 --- [ch08] [restartedMain] com.zaxxer.hikari.pool.HikariPool        : HikariPool-4 - Added connection com.mysql.cj.jdbc.ConnectionImpl@24a45a90
2024-03-13T09:42:24.960+09:00  INFO 13192 --- [ch08] [restartedMain] com.zaxxer.hikari.HikariDataSource       : HikariPool-4 - Start completed.
2024-03-13T09:42:24.961+09:00  WARN 13192 --- [ch08] [restartedMain] org.hibernate.orm.deprecation            : HHH90000025: MySQLDialect does not need to be specified explicitly using 'hibernate.dialect' (remove the property setting and it will be selected by default)
2024-03-13T09:42:24.969+09:00  INFO 13192 --- [ch08] [restartedMain] o.h.e.t.j.p.i.JtaPlatformInitiator       : HHH000489: No JTA platform available (set 'hibernate.transaction.jta.platform' to enable JTA platform integration)
2024-03-13T09:42:24.969+09:00  INFO 13192 --- [ch08] [restartedMain] j.LocalContainerEntityManagerFactoryBean : Initialized JPA EntityManagerFactory for persistence unit 'default'
2024-03-13T09:42:24.978+09:00  WARN 13192 --- [ch08] [restartedMain] JpaBaseConfiguration$JpaWebConfiguration : spring.jpa.open-in-view is enabled by default. Therefore, database queries may be performed during view rendering. Explicitly configure spring.jpa.open-in-view to disable this warning
2024-03-13T09:42:24.981+09:00  WARN 13192 --- [ch08] [restartedMain] .s.s.UserDetailsServiceAutoConfiguration : 

Using generated security password: b4a066ce-76c6-485a-9175-e601ab1ce26a

This generated password is for development use only. Your security configuration must be updated before running your application in production.

2024-03-13T09:42:24.988+09:00  INFO 13192 --- [ch08] [restartedMain] o.s.b.a.w.s.WelcomePageHandlerMapping    : Adding welcome page template: index
2024-03-13T09:42:25.038+09:00  INFO 13192 --- [ch08] [restartedMain] o.s.s.web.DefaultSecurityFilterChain     : Will secure any request with [org.springframework.security.web.session.DisableEncodeUrlFilter@5618e530, org.springframework.security.web.context.request.async.WebAsyncManagerIntegrationFilter@4da7ae29, org.springframework.security.web.context.SecurityContextHolderFilter@54b2c282, org.springframework.security.web.header.HeaderWriterFilter@57276527, org.springframework.web.filter.CorsFilter@3330fd4b, org.springframework.security.web.csrf.CsrfFilter@7559bb0e, org.springframework.security.web.authentication.logout.LogoutFilter@2d7d022c, org.springframework.security.web.authentication.UsernamePasswordAuthenticationFilter@4eb61be5, org.springframework.security.web.authentication.ui.DefaultLoginPageGeneratingFilter@5fb479eb, org.springframework.security.web.authentication.ui.DefaultLogoutPageGeneratingFilter@40bfe3a4, org.springframework.security.web.authentication.www.BasicAuthenticationFilter@b1f1c7d, org.springframework.security.web.savedrequest.RequestCacheAwareFilter@6c8b92d1, org.springframework.security.web.servletapi.SecurityContextHolderAwareRequestFilter@33563cfb, org.springframework.security.web.authentication.AnonymousAuthenticationFilter@519fafe6, org.springframework.security.web.access.ExceptionTranslationFilter@c8a711a, org.springframework.security.web.access.intercept.AuthorizationFilter@53490daf]
2024-03-13T09:42:25.043+09:00  INFO 13192 --- [ch08] [restartedMain] o.s.b.d.a.OptionalLiveReloadServer       : LiveReload server is running on port 35729
2024-03-13T09:42:25.048+09:00  INFO 13192 --- [ch08] [restartedMain] o.s.b.w.embedded.tomcat.TomcatWebServer  : Tomcat started on port 8080 (http) with context path '/ch08'
2024-03-13T09:42:25.051+09:00  INFO 13192 --- [ch08] [restartedMain] kr.co.ch08.Ch08Application               : Started Ch08Application in 0.28 seconds (process running for 410.187)
2024-03-13T09:42:25.051+09:00  INFO 13192 --- [ch08] [restartedMain] .ConditionEvaluationDeltaLoggingListener : Condition evaluation unchanged
2024-03-13T09:45:36.978+09:00  INFO 13192 --- [ch08] [File Watcher] rtingClassPathChangeChangedEventListener : Restarting due to 1 class path change (0 additions, 0 deletions, 1 modification)
2024-03-13T09:45:36.988+09:00  INFO 13192 --- [ch08] [Thread-15] j.LocalContainerEntityManagerFactoryBean : Closing JPA EntityManagerFactory for persistence unit 'default'
2024-03-13T09:45:36.989+09:00  INFO 13192 --- [ch08] [Thread-15] com.zaxxer.hikari.HikariDataSource       : HikariPool-4 - Shutdown initiated...
2024-03-13T09:45:36.993+09:00  INFO 13192 --- [ch08] [Thread-15] com.zaxxer.hikari.HikariDataSource       : HikariPool-4 - Shutdown completed.
2024-03-13T09:45:37.039+09:00  INFO 13192 --- [ch08] [restartedMain] kr.co.ch08.Ch08Application               : Starting Ch08Application using Java 17.0.9 with PID 13192 (C:\Users\JAVA2\Desktop\WorkSpace2\Spring\ch08\build\classes\java\main started by JAVA2 in C:\Users\JAVA2\Desktop\WorkSpace2\Spring\ch08)
2024-03-13T09:45:37.039+09:00  INFO 13192 --- [ch08] [restartedMain] kr.co.ch08.Ch08Application               : No active profile set, falling back to 1 default profile: "default"
2024-03-13T09:45:37.119+09:00  INFO 13192 --- [ch08] [restartedMain] .s.d.r.c.RepositoryConfigurationDelegate : Bootstrapping Spring Data JPA repositories in DEFAULT mode.
2024-03-13T09:45:37.120+09:00  INFO 13192 --- [ch08] [restartedMain] .s.d.r.c.RepositoryConfigurationDelegate : Finished Spring Data repository scanning in 0 ms. Found 0 JPA repository interfaces.
2024-03-13T09:45:37.137+09:00  WARN 13192 --- [ch08] [restartedMain] o.m.s.mapper.ClassPathMapperScanner      : No MyBatis mapper was found in '[kr.co.ch08]' package. Please check your configuration.
2024-03-13T09:45:37.160+09:00  INFO 13192 --- [ch08] [restartedMain] o.s.b.w.embedded.tomcat.TomcatWebServer  : Tomcat initialized with port 8080 (http)
2024-03-13T09:45:37.160+09:00  INFO 13192 --- [ch08] [restartedMain] o.apache.catalina.core.StandardService   : Starting service [Tomcat]
2024-03-13T09:45:37.160+09:00  INFO 13192 --- [ch08] [restartedMain] o.apache.catalina.core.StandardEngine    : Starting Servlet engine: [Apache Tomcat/10.1.19]
2024-03-13T09:45:37.169+09:00  INFO 13192 --- [ch08] [restartedMain] o.a.c.c.C.[Tomcat].[localhost].[/ch08]   : Initializing Spring embedded WebApplicationContext
2024-03-13T09:45:37.169+09:00  INFO 13192 --- [ch08] [restartedMain] w.s.c.ServletWebServerApplicationContext : Root WebApplicationContext: initialization completed in 129 ms
2024-03-13T09:45:37.184+09:00  INFO 13192 --- [ch08] [restartedMain] o.hibernate.jpa.internal.util.LogHelper  : HHH000204: Processing PersistenceUnitInfo [name: default]
2024-03-13T09:45:37.187+09:00  INFO 13192 --- [ch08] [restartedMain] o.h.c.internal.RegionFactoryInitiator    : HHH000026: Second-level cache disabled
2024-03-13T09:45:37.189+09:00  INFO 13192 --- [ch08] [restartedMain] o.s.o.j.p.SpringPersistenceUnitInfo      : No LoadTimeWeaver setup: ignoring JPA class transformer
2024-03-13T09:45:37.190+09:00  INFO 13192 --- [ch08] [restartedMain] com.zaxxer.hikari.HikariDataSource       : HikariPool-5 - Starting...
2024-03-13T09:45:37.195+09:00  INFO 13192 --- [ch08] [restartedMain] com.zaxxer.hikari.pool.HikariPool        : HikariPool-5 - Added connection com.mysql.cj.jdbc.ConnectionImpl@691fa422
2024-03-13T09:45:37.196+09:00  INFO 13192 --- [ch08] [restartedMain] com.zaxxer.hikari.HikariDataSource       : HikariPool-5 - Start completed.
2024-03-13T09:45:37.196+09:00  WARN 13192 --- [ch08] [restartedMain] org.hibernate.orm.deprecation            : HHH90000025: MySQLDialect does not need to be specified explicitly using 'hibernate.dialect' (remove the property setting and it will be selected by default)
2024-03-13T09:45:37.203+09:00  INFO 13192 --- [ch08] [restartedMain] o.h.e.t.j.p.i.JtaPlatformInitiator       : HHH000489: No JTA platform available (set 'hibernate.transaction.jta.platform' to enable JTA platform integration)
2024-03-13T09:45:37.203+09:00  INFO 13192 --- [ch08] [restartedMain] j.LocalContainerEntityManagerFactoryBean : Initialized JPA EntityManagerFactory for persistence unit 'default'
2024-03-13T09:45:37.210+09:00  WARN 13192 --- [ch08] [restartedMain] JpaBaseConfiguration$JpaWebConfiguration : spring.jpa.open-in-view is enabled by default. Therefore, database queries may be performed during view rendering. Explicitly configure spring.jpa.open-in-view to disable this warning
2024-03-13T09:45:37.214+09:00  WARN 13192 --- [ch08] [restartedMain] .s.s.UserDetailsServiceAutoConfiguration : 

Using generated security password: e5cccf4c-a7aa-4fd4-8b92-3533fe29e6c7

This generated password is for development use only. Your security configuration must be updated before running your application in production.

2024-03-13T09:45:37.219+09:00  INFO 13192 --- [ch08] [restartedMain] o.s.b.a.w.s.WelcomePageHandlerMapping    : Adding welcome page template: index
2024-03-13T09:45:37.263+09:00  INFO 13192 --- [ch08] [restartedMain] o.s.s.web.DefaultSecurityFilterChain     : Will secure any request with [org.springframework.security.web.session.DisableEncodeUrlFilter@5c8cb93a, org.springframework.security.web.context.request.async.WebAsyncManagerIntegrationFilter@53570526, org.springframework.security.web.context.SecurityContextHolderFilter@51d9050f, org.springframework.security.web.header.HeaderWriterFilter@1047fa90, org.springframework.web.filter.CorsFilter@32bc4d9e, org.springframework.security.web.csrf.CsrfFilter@1ee25440, org.springframework.security.web.authentication.logout.LogoutFilter@3f88d026, org.springframework.security.web.authentication.UsernamePasswordAuthenticationFilter@314a181a, org.springframework.security.web.authentication.ui.DefaultLoginPageGeneratingFilter@53d91842, org.springframework.security.web.authentication.ui.DefaultLogoutPageGeneratingFilter@2da61163, org.springframework.security.web.authentication.www.BasicAuthenticationFilter@48baf7f5, org.springframework.security.web.savedrequest.RequestCacheAwareFilter@5d150b20, org.springframework.security.web.servletapi.SecurityContextHolderAwareRequestFilter@7ce5ee34, org.springframework.security.web.authentication.AnonymousAuthenticationFilter@145a3884, org.springframework.security.web.access.ExceptionTranslationFilter@6ee9f709, org.springframework.security.web.access.intercept.AuthorizationFilter@774f037e]
2024-03-13T09:45:37.267+09:00  INFO 13192 --- [ch08] [restartedMain] o.s.b.d.a.OptionalLiveReloadServer       : LiveReload server is running on port 35729
2024-03-13T09:45:37.271+09:00  INFO 13192 --- [ch08] [restartedMain] o.s.b.w.embedded.tomcat.TomcatWebServer  : Tomcat started on port 8080 (http) with context path '/ch08'
2024-03-13T09:45:37.273+09:00  INFO 13192 --- [ch08] [restartedMain] kr.co.ch08.Ch08Application               : Started Ch08Application in 0.245 seconds (process running for 602.41)
2024-03-13T09:45:37.274+09:00  INFO 13192 --- [ch08] [restartedMain] .ConditionEvaluationDeltaLoggingListener : Condition evaluation unchanged
2024-03-13T09:46:20.454+09:00  INFO 13192 --- [ch08] [File Watcher] rtingClassPathChangeChangedEventListener : Restarting due to 1 class path change (0 additions, 0 deletions, 1 modification)
2024-03-13T09:46:20.465+09:00  INFO 13192 --- [ch08] [Thread-19] j.LocalContainerEntityManagerFactoryBean : Closing JPA EntityManagerFactory for persistence unit 'default'
2024-03-13T09:46:20.465+09:00  INFO 13192 --- [ch08] [Thread-19] com.zaxxer.hikari.HikariDataSource       : HikariPool-5 - Shutdown initiated...
2024-03-13T09:46:20.470+09:00  INFO 13192 --- [ch08] [Thread-19] com.zaxxer.hikari.HikariDataSource       : HikariPool-5 - Shutdown completed.
2024-03-13T09:46:20.513+09:00  INFO 13192 --- [ch08] [restartedMain] kr.co.ch08.Ch08Application               : Starting Ch08Application using Java 17.0.9 with PID 13192 (C:\Users\JAVA2\Desktop\WorkSpace2\Spring\ch08\build\classes\java\main started by JAVA2 in C:\Users\JAVA2\Desktop\WorkSpace2\Spring\ch08)
2024-03-13T09:46:20.513+09:00  INFO 13192 --- [ch08] [restartedMain] kr.co.ch08.Ch08Application               : No active profile set, falling back to 1 default profile: "default"
2024-03-13T09:46:20.591+09:00  INFO 13192 --- [ch08] [restartedMain] .s.d.r.c.RepositoryConfigurationDelegate : Bootstrapping Spring Data JPA repositories in DEFAULT mode.
2024-03-13T09:46:20.592+09:00  INFO 13192 --- [ch08] [restartedMain] .s.d.r.c.RepositoryConfigurationDelegate : Finished Spring Data repository scanning in 0 ms. Found 0 JPA repository interfaces.
2024-03-13T09:46:20.608+09:00  WARN 13192 --- [ch08] [restartedMain] o.m.s.mapper.ClassPathMapperScanner      : No MyBatis mapper was found in '[kr.co.ch08]' package. Please check your configuration.
2024-03-13T09:46:20.639+09:00  INFO 13192 --- [ch08] [restartedMain] o.s.b.w.embedded.tomcat.TomcatWebServer  : Tomcat initialized with port 8080 (http)
2024-03-13T09:46:20.640+09:00  INFO 13192 --- [ch08] [restartedMain] o.apache.catalina.core.StandardService   : Starting service [Tomcat]
2024-03-13T09:46:20.640+09:00  INFO 13192 --- [ch08] [restartedMain] o.apache.catalina.core.StandardEngine    : Starting Servlet engine: [Apache Tomcat/10.1.19]
2024-03-13T09:46:20.651+09:00  INFO 13192 --- [ch08] [restartedMain] o.a.c.c.C.[Tomcat].[localhost].[/ch08]   : Initializing Spring embedded WebApplicationContext
2024-03-13T09:46:20.651+09:00  INFO 13192 --- [ch08] [restartedMain] w.s.c.ServletWebServerApplicationContext : Root WebApplicationContext: initialization completed in 137 ms
2024-03-13T09:46:20.668+09:00  INFO 13192 --- [ch08] [restartedMain] o.hibernate.jpa.internal.util.LogHelper  : HHH000204: Processing PersistenceUnitInfo [name: default]
2024-03-13T09:46:20.670+09:00  INFO 13192 --- [ch08] [restartedMain] o.h.c.internal.RegionFactoryInitiator    : HHH000026: Second-level cache disabled
2024-03-13T09:46:20.673+09:00  INFO 13192 --- [ch08] [restartedMain] o.s.o.j.p.SpringPersistenceUnitInfo      : No LoadTimeWeaver setup: ignoring JPA class transformer
2024-03-13T09:46:20.674+09:00  INFO 13192 --- [ch08] [restartedMain] com.zaxxer.hikari.HikariDataSource       : HikariPool-6 - Starting...
2024-03-13T09:46:20.680+09:00  INFO 13192 --- [ch08] [restartedMain] com.zaxxer.hikari.pool.HikariPool        : HikariPool-6 - Added connection com.mysql.cj.jdbc.ConnectionImpl@3292e785
2024-03-13T09:46:20.680+09:00  INFO 13192 --- [ch08] [restartedMain] com.zaxxer.hikari.HikariDataSource       : HikariPool-6 - Start completed.
2024-03-13T09:46:20.681+09:00  WARN 13192 --- [ch08] [restartedMain] org.hibernate.orm.deprecation            : HHH90000025: MySQLDialect does not need to be specified explicitly using 'hibernate.dialect' (remove the property setting and it will be selected by default)
2024-03-13T09:46:20.689+09:00  INFO 13192 --- [ch08] [restartedMain] o.h.e.t.j.p.i.JtaPlatformInitiator       : HHH000489: No JTA platform available (set 'hibernate.transaction.jta.platform' to enable JTA platform integration)
2024-03-13T09:46:20.689+09:00  INFO 13192 --- [ch08] [restartedMain] j.LocalContainerEntityManagerFactoryBean : Initialized JPA EntityManagerFactory for persistence unit 'default'
2024-03-13T09:46:20.697+09:00  WARN 13192 --- [ch08] [restartedMain] JpaBaseConfiguration$JpaWebConfiguration : spring.jpa.open-in-view is enabled by default. Therefore, database queries may be performed during view rendering. Explicitly configure spring.jpa.open-in-view to disable this warning
2024-03-13T09:46:20.701+09:00  WARN 13192 --- [ch08] [restartedMain] .s.s.UserDetailsServiceAutoConfiguration : 

Using generated security password: 9c5e0acf-4945-4026-92bc-29afd3fe8f83

This generated password is for development use only. Your security configuration must be updated before running your application in production.

2024-03-13T09:46:20.708+09:00  INFO 13192 --- [ch08] [restartedMain] o.s.b.a.w.s.WelcomePageHandlerMapping    : Adding welcome page template: index
2024-03-13T09:46:20.764+09:00  INFO 13192 --- [ch08] [restartedMain] o.s.s.web.DefaultSecurityFilterChain     : Will secure any request with [org.springframework.security.web.session.DisableEncodeUrlFilter@1a438e09, org.springframework.security.web.context.request.async.WebAsyncManagerIntegrationFilter@472bd4b6, org.springframework.security.web.context.SecurityContextHolderFilter@17f40256, org.springframework.security.web.header.HeaderWriterFilter@da967e1, org.springframework.web.filter.CorsFilter@255242db, org.springframework.security.web.csrf.CsrfFilter@4703715b, org.springframework.security.web.authentication.logout.LogoutFilter@314a91d7, org.springframework.security.web.authentication.UsernamePasswordAuthenticationFilter@59f76d8d, org.springframework.security.web.authentication.ui.DefaultLoginPageGeneratingFilter@447a0073, org.springframework.security.web.authentication.ui.DefaultLogoutPageGeneratingFilter@2dd6b9df, org.springframework.security.web.authentication.www.BasicAuthenticationFilter@3c568b4d, org.springframework.security.web.savedrequest.RequestCacheAwareFilter@4b21205a, org.springframework.security.web.servletapi.SecurityContextHolderAwareRequestFilter@22af9b8, org.springframework.security.web.authentication.AnonymousAuthenticationFilter@2b6349aa, org.springframework.security.web.access.ExceptionTranslationFilter@58d23214, org.springframework.security.web.access.intercept.AuthorizationFilter@7095a40b]
2024-03-13T09:46:20.768+09:00  INFO 13192 --- [ch08] [restartedMain] o.s.b.d.a.OptionalLiveReloadServer       : LiveReload server is running on port 35729
2024-03-13T09:46:20.774+09:00  INFO 13192 --- [ch08] [restartedMain] o.s.b.w.embedded.tomcat.TomcatWebServer  : Tomcat started on port 8080 (http) with context path '/ch08'
2024-03-13T09:46:20.776+09:00  INFO 13192 --- [ch08] [restartedMain] kr.co.ch08.Ch08Application               : Started Ch08Application in 0.274 seconds (process running for 645.913)
2024-03-13T09:46:20.776+09:00  INFO 13192 --- [ch08] [restartedMain] .ConditionEvaluationDeltaLoggingListener : Condition evaluation unchanged
2024-03-13T09:48:31.003+09:00  INFO 13192 --- [ch08] [File Watcher] rtingClassPathChangeChangedEventListener : Restarting due to 1 class path change (0 additions, 0 deletions, 1 modification)
2024-03-13T09:48:31.011+09:00  INFO 13192 --- [ch08] [Thread-23] j.LocalContainerEntityManagerFactoryBean : Closing JPA EntityManagerFactory for persistence unit 'default'
2024-03-13T09:48:31.011+09:00  INFO 13192 --- [ch08] [Thread-23] com.zaxxer.hikari.HikariDataSource       : HikariPool-6 - Shutdown initiated...
2024-03-13T09:48:31.017+09:00  INFO 13192 --- [ch08] [Thread-23] com.zaxxer.hikari.HikariDataSource       : HikariPool-6 - Shutdown completed.
2024-03-13T09:48:31.068+09:00  INFO 13192 --- [ch08] [restartedMain] kr.co.ch08.Ch08Application               : Starting Ch08Application using Java 17.0.9 with PID 13192 (C:\Users\JAVA2\Desktop\WorkSpace2\Spring\ch08\build\classes\java\main started by JAVA2 in C:\Users\JAVA2\Desktop\WorkSpace2\Spring\ch08)
2024-03-13T09:48:31.068+09:00  INFO 13192 --- [ch08] [restartedMain] kr.co.ch08.Ch08Application               : No active profile set, falling back to 1 default profile: "default"
2024-03-13T09:48:31.154+09:00  INFO 13192 --- [ch08] [restartedMain] .s.d.r.c.RepositoryConfigurationDelegate : Bootstrapping Spring Data JPA repositories in DEFAULT mode.
2024-03-13T09:48:31.155+09:00  INFO 13192 --- [ch08] [restartedMain] .s.d.r.c.RepositoryConfigurationDelegate : Finished Spring Data repository scanning in 0 ms. Found 0 JPA repository interfaces.
2024-03-13T09:48:31.184+09:00  WARN 13192 --- [ch08] [restartedMain] o.m.s.mapper.ClassPathMapperScanner      : No MyBatis mapper was found in '[kr.co.ch08]' package. Please check your configuration.
2024-03-13T09:48:31.209+09:00  INFO 13192 --- [ch08] [restartedMain] o.s.b.w.embedded.tomcat.TomcatWebServer  : Tomcat initialized with port 8080 (http)
2024-03-13T09:48:31.209+09:00  INFO 13192 --- [ch08] [restartedMain] o.apache.catalina.core.StandardService   : Starting service [Tomcat]
2024-03-13T09:48:31.209+09:00  INFO 13192 --- [ch08] [restartedMain] o.apache.catalina.core.StandardEngine    : Starting Servlet engine: [Apache Tomcat/10.1.19]
2024-03-13T09:48:31.217+09:00  INFO 13192 --- [ch08] [restartedMain] o.a.c.c.C.[Tomcat].[localhost].[/ch08]   : Initializing Spring embedded WebApplicationContext
2024-03-13T09:48:31.217+09:00  INFO 13192 --- [ch08] [restartedMain] w.s.c.ServletWebServerApplicationContext : Root WebApplicationContext: initialization completed in 147 ms
2024-03-13T09:48:31.234+09:00  INFO 13192 --- [ch08] [restartedMain] o.hibernate.jpa.internal.util.LogHelper  : HHH000204: Processing PersistenceUnitInfo [name: default]
2024-03-13T09:48:31.236+09:00  INFO 13192 --- [ch08] [restartedMain] o.h.c.internal.RegionFactoryInitiator    : HHH000026: Second-level cache disabled
2024-03-13T09:48:31.239+09:00  INFO 13192 --- [ch08] [restartedMain] o.s.o.j.p.SpringPersistenceUnitInfo      : No LoadTimeWeaver setup: ignoring JPA class transformer
2024-03-13T09:48:31.239+09:00  INFO 13192 --- [ch08] [restartedMain] com.zaxxer.hikari.HikariDataSource       : HikariPool-7 - Starting...
2024-03-13T09:48:31.245+09:00  INFO 13192 --- [ch08] [restartedMain] com.zaxxer.hikari.pool.HikariPool        : HikariPool-7 - Added connection com.mysql.cj.jdbc.ConnectionImpl@3993ec17
2024-03-13T09:48:31.245+09:00  INFO 13192 --- [ch08] [restartedMain] com.zaxxer.hikari.HikariDataSource       : HikariPool-7 - Start completed.
2024-03-13T09:48:31.246+09:00  WARN 13192 --- [ch08] [restartedMain] org.hibernate.orm.deprecation            : HHH90000025: MySQLDialect does not need to be specified explicitly using 'hibernate.dialect' (remove the property setting and it will be selected by default)
2024-03-13T09:48:31.252+09:00  INFO 13192 --- [ch08] [restartedMain] o.h.e.t.j.p.i.JtaPlatformInitiator       : HHH000489: No JTA platform available (set 'hibernate.transaction.jta.platform' to enable JTA platform integration)
2024-03-13T09:48:31.252+09:00  INFO 13192 --- [ch08] [restartedMain] j.LocalContainerEntityManagerFactoryBean : Initialized JPA EntityManagerFactory for persistence unit 'default'
2024-03-13T09:48:31.261+09:00  WARN 13192 --- [ch08] [restartedMain] JpaBaseConfiguration$JpaWebConfiguration : spring.jpa.open-in-view is enabled by default. Therefore, database queries may be performed during view rendering. Explicitly configure spring.jpa.open-in-view to disable this warning
2024-03-13T09:48:31.265+09:00  WARN 13192 --- [ch08] [restartedMain] .s.s.UserDetailsServiceAutoConfiguration : 

Using generated security password: 5719bac9-2812-49e0-b970-ed2b38ede0ff

This generated password is for development use only. Your security configuration must be updated before running your application in production.

2024-03-13T09:48:31.271+09:00  INFO 13192 --- [ch08] [restartedMain] o.s.b.a.w.s.WelcomePageHandlerMapping    : Adding welcome page template: index
2024-03-13T09:48:31.320+09:00  INFO 13192 --- [ch08] [restartedMain] o.s.s.web.DefaultSecurityFilterChain     : Will secure any request with [org.springframework.security.web.session.DisableEncodeUrlFilter@20b289ff, org.springframework.security.web.context.request.async.WebAsyncManagerIntegrationFilter@833de51, org.springframework.security.web.context.SecurityContextHolderFilter@25d2141, org.springframework.security.web.header.HeaderWriterFilter@35a286e, org.springframework.web.filter.CorsFilter@7ea7ea01, org.springframework.security.web.csrf.CsrfFilter@625c9709, org.springframework.security.web.authentication.logout.LogoutFilter@7f8b02d0, org.springframework.security.web.authentication.UsernamePasswordAuthenticationFilter@1edf81, org.springframework.security.web.authentication.ui.DefaultLoginPageGeneratingFilter@6822f2e9, org.springframework.security.web.authentication.ui.DefaultLogoutPageGeneratingFilter@7f049755, org.springframework.security.web.authentication.www.BasicAuthenticationFilter@27a4d0d0, org.springframework.security.web.savedrequest.RequestCacheAwareFilter@43f0adc, org.springframework.security.web.servletapi.SecurityContextHolderAwareRequestFilter@3ae9b482, org.springframework.security.web.authentication.AnonymousAuthenticationFilter@4b4d043b, org.springframework.security.web.access.ExceptionTranslationFilter@5f9c2e8f, org.springframework.security.web.access.intercept.AuthorizationFilter@77fbea42]
2024-03-13T09:48:31.324+09:00  INFO 13192 --- [ch08] [restartedMain] o.s.b.d.a.OptionalLiveReloadServer       : LiveReload server is running on port 35729
2024-03-13T09:48:31.328+09:00  INFO 13192 --- [ch08] [restartedMain] o.s.b.w.embedded.tomcat.TomcatWebServer  : Tomcat started on port 8080 (http) with context path '/ch08'
2024-03-13T09:48:31.331+09:00  INFO 13192 --- [ch08] [restartedMain] kr.co.ch08.Ch08Application               : Started Ch08Application in 0.274 seconds (process running for 776.468)
2024-03-13T09:48:31.331+09:00  INFO 13192 --- [ch08] [restartedMain] .ConditionEvaluationDeltaLoggingListener : Condition evaluation unchanged
2024-03-13T09:50:45.202+09:00  INFO 13192 --- [ch08] [File Watcher] rtingClassPathChangeChangedEventListener : Restarting due to 1 class path change (0 additions, 0 deletions, 1 modification)
2024-03-13T09:50:45.211+09:00  INFO 13192 --- [ch08] [Thread-27] j.LocalContainerEntityManagerFactoryBean : Closing JPA EntityManagerFactory for persistence unit 'default'
2024-03-13T09:50:45.212+09:00  INFO 13192 --- [ch08] [Thread-27] com.zaxxer.hikari.HikariDataSource       : HikariPool-7 - Shutdown initiated...
2024-03-13T09:50:45.217+09:00  INFO 13192 --- [ch08] [Thread-27] com.zaxxer.hikari.HikariDataSource       : HikariPool-7 - Shutdown completed.
2024-03-13T09:50:45.260+09:00  INFO 13192 --- [ch08] [restartedMain] kr.co.ch08.Ch08Application               : Starting Ch08Application using Java 17.0.9 with PID 13192 (C:\Users\JAVA2\Desktop\WorkSpace2\Spring\ch08\build\classes\java\main started by JAVA2 in C:\Users\JAVA2\Desktop\WorkSpace2\Spring\ch08)
2024-03-13T09:50:45.261+09:00  INFO 13192 --- [ch08] [restartedMain] kr.co.ch08.Ch08Application               : No active profile set, falling back to 1 default profile: "default"
2024-03-13T09:50:45.334+09:00  INFO 13192 --- [ch08] [restartedMain] .s.d.r.c.RepositoryConfigurationDelegate : Bootstrapping Spring Data JPA repositories in DEFAULT mode.
2024-03-13T09:50:45.335+09:00  INFO 13192 --- [ch08] [restartedMain] .s.d.r.c.RepositoryConfigurationDelegate : Finished Spring Data repository scanning in 0 ms. Found 0 JPA repository interfaces.
2024-03-13T09:50:45.350+09:00  WARN 13192 --- [ch08] [restartedMain] o.m.s.mapper.ClassPathMapperScanner      : No MyBatis mapper was found in '[kr.co.ch08]' package. Please check your configuration.
2024-03-13T09:50:45.373+09:00  INFO 13192 --- [ch08] [restartedMain] o.s.b.w.embedded.tomcat.TomcatWebServer  : Tomcat initialized with port 8080 (http)
2024-03-13T09:50:45.373+09:00  INFO 13192 --- [ch08] [restartedMain] o.apache.catalina.core.StandardService   : Starting service [Tomcat]
2024-03-13T09:50:45.373+09:00  INFO 13192 --- [ch08] [restartedMain] o.apache.catalina.core.StandardEngine    : Starting Servlet engine: [Apache Tomcat/10.1.19]
2024-03-13T09:50:45.380+09:00  INFO 13192 --- [ch08] [restartedMain] o.a.c.c.C.[Tomcat].[localhost].[/ch08]   : Initializing Spring embedded WebApplicationContext
2024-03-13T09:50:45.380+09:00  INFO 13192 --- [ch08] [restartedMain] w.s.c.ServletWebServerApplicationContext : Root WebApplicationContext: initialization completed in 119 ms
2024-03-13T09:50:45.393+09:00  INFO 13192 --- [ch08] [restartedMain] o.hibernate.jpa.internal.util.LogHelper  : HHH000204: Processing PersistenceUnitInfo [name: default]
2024-03-13T09:50:45.395+09:00  INFO 13192 --- [ch08] [restartedMain] o.h.c.internal.RegionFactoryInitiator    : HHH000026: Second-level cache disabled
2024-03-13T09:50:45.397+09:00  INFO 13192 --- [ch08] [restartedMain] o.s.o.j.p.SpringPersistenceUnitInfo      : No LoadTimeWeaver setup: ignoring JPA class transformer
2024-03-13T09:50:45.397+09:00  INFO 13192 --- [ch08] [restartedMain] com.zaxxer.hikari.HikariDataSource       : HikariPool-8 - Starting...
2024-03-13T09:50:45.403+09:00  INFO 13192 --- [ch08] [restartedMain] com.zaxxer.hikari.pool.HikariPool        : HikariPool-8 - Added connection com.mysql.cj.jdbc.ConnectionImpl@20a62f97
2024-03-13T09:50:45.403+09:00  INFO 13192 --- [ch08] [restartedMain] com.zaxxer.hikari.HikariDataSource       : HikariPool-8 - Start completed.
2024-03-13T09:50:45.403+09:00  WARN 13192 --- [ch08] [restartedMain] org.hibernate.orm.deprecation            : HHH90000025: MySQLDialect does not need to be specified explicitly using 'hibernate.dialect' (remove the property setting and it will be selected by default)
2024-03-13T09:50:45.411+09:00  INFO 13192 --- [ch08] [restartedMain] o.h.e.t.j.p.i.JtaPlatformInitiator       : HHH000489: No JTA platform available (set 'hibernate.transaction.jta.platform' to enable JTA platform integration)
2024-03-13T09:50:45.411+09:00  INFO 13192 --- [ch08] [restartedMain] j.LocalContainerEntityManagerFactoryBean : Initialized JPA EntityManagerFactory for persistence unit 'default'
2024-03-13T09:50:45.418+09:00  WARN 13192 --- [ch08] [restartedMain] JpaBaseConfiguration$JpaWebConfiguration : spring.jpa.open-in-view is enabled by default. Therefore, database queries may be performed during view rendering. Explicitly configure spring.jpa.open-in-view to disable this warning
2024-03-13T09:50:45.422+09:00  WARN 13192 --- [ch08] [restartedMain] .s.s.UserDetailsServiceAutoConfiguration : 

Using generated security password: 71fe8820-2b47-4d36-837c-d1fdeeb92d85

This generated password is for development use only. Your security configuration must be updated before running your application in production.

2024-03-13T09:50:45.425+09:00  INFO 13192 --- [ch08] [restartedMain] o.s.b.a.w.s.WelcomePageHandlerMapping    : Adding welcome page template: index
2024-03-13T09:50:45.476+09:00  INFO 13192 --- [ch08] [restartedMain] o.s.s.web.DefaultSecurityFilterChain     : Will secure any request with [org.springframework.security.web.session.DisableEncodeUrlFilter@136604b4, org.springframework.security.web.context.request.async.WebAsyncManagerIntegrationFilter@584c1bd4, org.springframework.security.web.context.SecurityContextHolderFilter@3db15abc, org.springframework.security.web.header.HeaderWriterFilter@66f82eb9, org.springframework.web.filter.CorsFilter@5e3bac99, org.springframework.security.web.csrf.CsrfFilter@6b9f2f05, org.springframework.security.web.authentication.logout.LogoutFilter@8105ac1, org.springframework.security.web.authentication.UsernamePasswordAuthenticationFilter@4ed90509, org.springframework.security.web.authentication.ui.DefaultLoginPageGeneratingFilter@3565c3c8, org.springframework.security.web.authentication.ui.DefaultLogoutPageGeneratingFilter@3604708f, org.springframework.security.web.authentication.www.BasicAuthenticationFilter@44959841, org.springframework.security.web.savedrequest.RequestCacheAwareFilter@2f44bd08, org.springframework.security.web.servletapi.SecurityContextHolderAwareRequestFilter@124faade, org.springframework.security.web.authentication.AnonymousAuthenticationFilter@15e4815f, org.springframework.security.web.access.ExceptionTranslationFilter@a96f41a, org.springframework.security.web.access.intercept.AuthorizationFilter@7c86ece0]
2024-03-13T09:50:45.480+09:00  INFO 13192 --- [ch08] [restartedMain] o.s.b.d.a.OptionalLiveReloadServer       : LiveReload server is running on port 35729
2024-03-13T09:50:45.485+09:00  INFO 13192 --- [ch08] [restartedMain] o.s.b.w.embedded.tomcat.TomcatWebServer  : Tomcat started on port 8080 (http) with context path '/ch08'
2024-03-13T09:50:45.487+09:00  INFO 13192 --- [ch08] [restartedMain] kr.co.ch08.Ch08Application               : Started Ch08Application in 0.237 seconds (process running for 910.623)
2024-03-13T09:50:45.487+09:00  INFO 13192 --- [ch08] [restartedMain] .ConditionEvaluationDeltaLoggingListener : Condition evaluation unchanged
2024-03-13T09:57:51.329+09:00  INFO 13192 --- [ch08] [File Watcher] rtingClassPathChangeChangedEventListener : Restarting due to 2 class path changes (0 additions, 0 deletions, 2 modifications)
2024-03-13T09:57:51.337+09:00  INFO 13192 --- [ch08] [Thread-31] j.LocalContainerEntityManagerFactoryBean : Closing JPA EntityManagerFactory for persistence unit 'default'
2024-03-13T09:57:51.337+09:00  INFO 13192 --- [ch08] [Thread-31] com.zaxxer.hikari.HikariDataSource       : HikariPool-8 - Shutdown initiated...
2024-03-13T09:57:51.342+09:00  INFO 13192 --- [ch08] [Thread-31] com.zaxxer.hikari.HikariDataSource       : HikariPool-8 - Shutdown completed.
