2024-03-26T15:01:08.653+09:00  INFO 10720 --- [ch07] [main] k.c.c.r.shop.CustomerRepositoryTest      : Starting CustomerRepositoryTest using Java 17.0.9 with PID 10720 (started by JAVA2 in C:\Users\JAVA2\Desktop\WorkSpace2\Spring\ch07)
2024-03-26T15:01:08.656+09:00  INFO 10720 --- [ch07] [main] k.c.c.r.shop.CustomerRepositoryTest      : No active profile set, falling back to 1 default profile: "default"
2024-03-26T15:01:09.000+09:00  INFO 10720 --- [ch07] [main] .s.d.r.c.RepositoryConfigurationDelegate : Bootstrapping Spring Data JPA repositories in DEFAULT mode.
2024-03-26T15:01:09.059+09:00  INFO 10720 --- [ch07] [main] .s.d.r.c.RepositoryConfigurationDelegate : Finished Spring Data repository scanning in 53 ms. Found 9 JPA repository interfaces.
2024-03-26T15:01:09.345+09:00  INFO 10720 --- [ch07] [main] o.hibernate.jpa.internal.util.LogHelper  : HHH000204: Processing PersistenceUnitInfo [name: default]
2024-03-26T15:01:09.396+09:00  INFO 10720 --- [ch07] [main] org.hibernate.Version                    : HHH000412: Hibernate ORM core version 6.4.4.Final
2024-03-26T15:01:09.429+09:00  INFO 10720 --- [ch07] [main] o.h.c.internal.RegionFactoryInitiator    : HHH000026: Second-level cache disabled
2024-03-26T15:01:09.629+09:00  INFO 10720 --- [ch07] [main] o.s.o.j.p.SpringPersistenceUnitInfo      : No LoadTimeWeaver setup: ignoring JPA class transformer
2024-03-26T15:01:09.648+09:00  INFO 10720 --- [ch07] [main] com.zaxxer.hikari.HikariDataSource       : HikariPool-1 - Starting...
2024-03-26T15:01:09.856+09:00  INFO 10720 --- [ch07] [main] com.zaxxer.hikari.pool.HikariPool        : HikariPool-1 - Added connection com.mysql.cj.jdbc.ConnectionImpl@171aa66
2024-03-26T15:01:09.858+09:00  INFO 10720 --- [ch07] [main] com.zaxxer.hikari.HikariDataSource       : HikariPool-1 - Start completed.
2024-03-26T15:01:09.889+09:00  WARN 10720 --- [ch07] [main] org.hibernate.orm.deprecation            : HHH90000025: MySQLDialect does not need to be specified explicitly using 'hibernate.dialect' (remove the property setting and it will be selected by default)
2024-03-26T15:01:10.565+09:00  INFO 10720 --- [ch07] [main] o.h.e.t.j.p.i.JtaPlatformInitiator       : HHH000489: No JTA platform available (set 'hibernate.transaction.jta.platform' to enable JTA platform integration)
2024-03-26T15:01:10.673+09:00  INFO 10720 --- [ch07] [main] j.LocalContainerEntityManagerFactoryBean : Initialized JPA EntityManagerFactory for persistence unit 'default'
2024-03-26T15:01:10.805+09:00  WARN 10720 --- [ch07] [main] JpaBaseConfiguration$JpaWebConfiguration : spring.jpa.open-in-view is enabled by default. Therefore, database queries may be performed during view rendering. Explicitly configure spring.jpa.open-in-view to disable this warning
2024-03-26T15:01:10.824+09:00  INFO 10720 --- [ch07] [main] o.s.b.a.w.s.WelcomePageHandlerMapping    : Adding welcome page template: index
2024-03-26T15:01:11.336+09:00  INFO 10720 --- [ch07] [main] k.c.c.r.shop.CustomerRepositoryTest      : Started CustomerRepositoryTest in 2.839 seconds (process running for 3.41)
2024-03-26T15:01:11.858+09:00  INFO 10720 --- [ch07] [main] k.c.c.r.shop.CustomerRepositoryTest      : [Customer(custId=a101, name=김유신, age=23, hp=010-1234-1001, addr=서울, regDate=2024-03-12T17:06:03), Customer(custId=a102, name=김춘추, age=21, hp=010-1234-1002, addr=대전, regDate=2024-03-12T17:06:03), Customer(custId=a103, name=장보고, age=31, hp=010-1234-1003, addr=대구, regDate=2024-03-12T17:06:03), Customer(custId=a104, name=강감찬, age=41, hp=010-1234-1004, addr=부산, regDate=2024-03-12T17:06:03), Customer(custId=a105, name=이순신, age=51, hp=010-1234-1005, addr=광주, regDate=2024-03-12T17:06:03)]
2024-03-26T15:01:11.903+09:00  INFO 10720 --- [ch07] [SpringApplicationShutdownHook] j.LocalContainerEntityManagerFactoryBean : Closing JPA EntityManagerFactory for persistence unit 'default'
2024-03-26T15:01:11.904+09:00  INFO 10720 --- [ch07] [SpringApplicationShutdownHook] com.zaxxer.hikari.HikariDataSource       : HikariPool-1 - Shutdown initiated...
2024-03-26T15:01:11.908+09:00  INFO 10720 --- [ch07] [SpringApplicationShutdownHook] com.zaxxer.hikari.HikariDataSource       : HikariPool-1 - Shutdown completed.
2024-03-26T15:41:06.862+09:00  INFO 16824 --- [ch07] [main] k.co.ch07.repository.shop.QueryDslTest   : Starting QueryDslTest using Java 17.0.9 with PID 16824 (started by JAVA2 in C:\Users\JAVA2\Desktop\WorkSpace2\Spring\ch07)
2024-03-26T15:41:06.863+09:00  INFO 16824 --- [ch07] [main] k.co.ch07.repository.shop.QueryDslTest   : No active profile set, falling back to 1 default profile: "default"
2024-03-26T15:41:07.216+09:00  INFO 16824 --- [ch07] [main] .s.d.r.c.RepositoryConfigurationDelegate : Bootstrapping Spring Data JPA repositories in DEFAULT mode.
2024-03-26T15:41:07.265+09:00  INFO 16824 --- [ch07] [main] .s.d.r.c.RepositoryConfigurationDelegate : Finished Spring Data repository scanning in 43 ms. Found 9 JPA repository interfaces.
2024-03-26T15:41:07.574+09:00  INFO 16824 --- [ch07] [main] o.hibernate.jpa.internal.util.LogHelper  : HHH000204: Processing PersistenceUnitInfo [name: default]
2024-03-26T15:41:07.632+09:00  INFO 16824 --- [ch07] [main] org.hibernate.Version                    : HHH000412: Hibernate ORM core version 6.4.4.Final
2024-03-26T15:41:07.664+09:00  INFO 16824 --- [ch07] [main] o.h.c.internal.RegionFactoryInitiator    : HHH000026: Second-level cache disabled
2024-03-26T15:41:07.889+09:00  INFO 16824 --- [ch07] [main] o.s.o.j.p.SpringPersistenceUnitInfo      : No LoadTimeWeaver setup: ignoring JPA class transformer
2024-03-26T15:41:07.916+09:00  INFO 16824 --- [ch07] [main] com.zaxxer.hikari.HikariDataSource       : HikariPool-1 - Starting...
2024-03-26T15:41:08.141+09:00  INFO 16824 --- [ch07] [main] com.zaxxer.hikari.pool.HikariPool        : HikariPool-1 - Added connection com.mysql.cj.jdbc.ConnectionImpl@485deee1
2024-03-26T15:41:08.143+09:00  INFO 16824 --- [ch07] [main] com.zaxxer.hikari.HikariDataSource       : HikariPool-1 - Start completed.
2024-03-26T15:41:08.173+09:00  WARN 16824 --- [ch07] [main] org.hibernate.orm.deprecation            : HHH90000025: MySQLDialect does not need to be specified explicitly using 'hibernate.dialect' (remove the property setting and it will be selected by default)
2024-03-26T15:41:08.831+09:00  INFO 16824 --- [ch07] [main] o.h.e.t.j.p.i.JtaPlatformInitiator       : HHH000489: No JTA platform available (set 'hibernate.transaction.jta.platform' to enable JTA platform integration)
2024-03-26T15:41:08.895+09:00  INFO 16824 --- [ch07] [main] j.LocalContainerEntityManagerFactoryBean : Initialized JPA EntityManagerFactory for persistence unit 'default'
2024-03-26T15:41:09.017+09:00  WARN 16824 --- [ch07] [main] JpaBaseConfiguration$JpaWebConfiguration : spring.jpa.open-in-view is enabled by default. Therefore, database queries may be performed during view rendering. Explicitly configure spring.jpa.open-in-view to disable this warning
2024-03-26T15:41:09.043+09:00  INFO 16824 --- [ch07] [main] o.s.b.a.w.s.WelcomePageHandlerMapping    : Adding welcome page template: index
2024-03-26T15:41:09.651+09:00  INFO 16824 --- [ch07] [main] k.co.ch07.repository.shop.QueryDslTest   : Started QueryDslTest in 2.937 seconds (process running for 3.541)
2024-03-26T15:41:10.147+09:00  INFO 16824 --- [ch07] [SpringApplicationShutdownHook] j.LocalContainerEntityManagerFactoryBean : Closing JPA EntityManagerFactory for persistence unit 'default'
2024-03-26T15:41:10.148+09:00  INFO 16824 --- [ch07] [SpringApplicationShutdownHook] com.zaxxer.hikari.HikariDataSource       : HikariPool-1 - Shutdown initiated...
2024-03-26T15:41:10.152+09:00  INFO 16824 --- [ch07] [SpringApplicationShutdownHook] com.zaxxer.hikari.HikariDataSource       : HikariPool-1 - Shutdown completed.
2024-03-26T15:41:30.909+09:00  INFO 19248 --- [ch07] [main] k.co.ch07.repository.shop.QueryDslTest   : Starting QueryDslTest using Java 17.0.9 with PID 19248 (started by JAVA2 in C:\Users\JAVA2\Desktop\WorkSpace2\Spring\ch07)
2024-03-26T15:41:30.910+09:00  INFO 19248 --- [ch07] [main] k.co.ch07.repository.shop.QueryDslTest   : No active profile set, falling back to 1 default profile: "default"
2024-03-26T15:41:31.247+09:00  INFO 19248 --- [ch07] [main] .s.d.r.c.RepositoryConfigurationDelegate : Bootstrapping Spring Data JPA repositories in DEFAULT mode.
2024-03-26T15:41:31.303+09:00  INFO 19248 --- [ch07] [main] .s.d.r.c.RepositoryConfigurationDelegate : Finished Spring Data repository scanning in 51 ms. Found 9 JPA repository interfaces.
2024-03-26T15:41:31.607+09:00  INFO 19248 --- [ch07] [main] o.hibernate.jpa.internal.util.LogHelper  : HHH000204: Processing PersistenceUnitInfo [name: default]
2024-03-26T15:41:31.661+09:00  INFO 19248 --- [ch07] [main] org.hibernate.Version                    : HHH000412: Hibernate ORM core version 6.4.4.Final
2024-03-26T15:41:31.691+09:00  INFO 19248 --- [ch07] [main] o.h.c.internal.RegionFactoryInitiator    : HHH000026: Second-level cache disabled
2024-03-26T15:41:31.884+09:00  INFO 19248 --- [ch07] [main] o.s.o.j.p.SpringPersistenceUnitInfo      : No LoadTimeWeaver setup: ignoring JPA class transformer
2024-03-26T15:41:31.905+09:00  INFO 19248 --- [ch07] [main] com.zaxxer.hikari.HikariDataSource       : HikariPool-1 - Starting...
2024-03-26T15:41:32.093+09:00  INFO 19248 --- [ch07] [main] com.zaxxer.hikari.pool.HikariPool        : HikariPool-1 - Added connection com.mysql.cj.jdbc.ConnectionImpl@57bdceaa
2024-03-26T15:41:32.094+09:00  INFO 19248 --- [ch07] [main] com.zaxxer.hikari.HikariDataSource       : HikariPool-1 - Start completed.
2024-03-26T15:41:32.122+09:00  WARN 19248 --- [ch07] [main] org.hibernate.orm.deprecation            : HHH90000025: MySQLDialect does not need to be specified explicitly using 'hibernate.dialect' (remove the property setting and it will be selected by default)
2024-03-26T15:41:32.801+09:00  INFO 19248 --- [ch07] [main] o.h.e.t.j.p.i.JtaPlatformInitiator       : HHH000489: No JTA platform available (set 'hibernate.transaction.jta.platform' to enable JTA platform integration)
2024-03-26T15:41:32.872+09:00  INFO 19248 --- [ch07] [main] j.LocalContainerEntityManagerFactoryBean : Initialized JPA EntityManagerFactory for persistence unit 'default'
2024-03-26T15:41:32.977+09:00  WARN 19248 --- [ch07] [main] JpaBaseConfiguration$JpaWebConfiguration : spring.jpa.open-in-view is enabled by default. Therefore, database queries may be performed during view rendering. Explicitly configure spring.jpa.open-in-view to disable this warning
2024-03-26T15:41:32.994+09:00  INFO 19248 --- [ch07] [main] o.s.b.a.w.s.WelcomePageHandlerMapping    : Adding welcome page template: index
2024-03-26T15:41:33.518+09:00  INFO 19248 --- [ch07] [main] k.co.ch07.repository.shop.QueryDslTest   : Started QueryDslTest in 2.759 seconds (process running for 3.266)
2024-03-26T15:41:33.991+09:00  INFO 19248 --- [ch07] [main] k.co.ch07.repository.shop.QueryDslTest   : [Customer(custId=a101, name=김유신, age=23, hp=null, addr=null, regDate=null), Customer(custId=a102, name=김춘추, age=21, hp=null, addr=null, regDate=null), Customer(custId=a103, name=장보고, age=31, hp=null, addr=null, regDate=null), Customer(custId=a104, name=강감찬, age=41, hp=null, addr=null, regDate=null), Customer(custId=a105, name=이순신, age=51, hp=null, addr=null, regDate=null)]
2024-03-26T15:41:34.001+09:00  INFO 19248 --- [ch07] [SpringApplicationShutdownHook] j.LocalContainerEntityManagerFactoryBean : Closing JPA EntityManagerFactory for persistence unit 'default'
2024-03-26T15:41:34.002+09:00  INFO 19248 --- [ch07] [SpringApplicationShutdownHook] com.zaxxer.hikari.HikariDataSource       : HikariPool-1 - Shutdown initiated...
2024-03-26T15:41:34.006+09:00  INFO 19248 --- [ch07] [SpringApplicationShutdownHook] com.zaxxer.hikari.HikariDataSource       : HikariPool-1 - Shutdown completed.
2024-03-26T15:42:50.175+09:00  INFO 18292 --- [ch07] [main] k.co.ch07.repository.shop.QueryDslTest   : Starting QueryDslTest using Java 17.0.9 with PID 18292 (started by JAVA2 in C:\Users\JAVA2\Desktop\WorkSpace2\Spring\ch07)
2024-03-26T15:42:50.176+09:00  INFO 18292 --- [ch07] [main] k.co.ch07.repository.shop.QueryDslTest   : No active profile set, falling back to 1 default profile: "default"
2024-03-26T15:42:50.514+09:00  INFO 18292 --- [ch07] [main] .s.d.r.c.RepositoryConfigurationDelegate : Bootstrapping Spring Data JPA repositories in DEFAULT mode.
2024-03-26T15:42:50.567+09:00  INFO 18292 --- [ch07] [main] .s.d.r.c.RepositoryConfigurationDelegate : Finished Spring Data repository scanning in 49 ms. Found 9 JPA repository interfaces.
2024-03-26T15:42:50.868+09:00  INFO 18292 --- [ch07] [main] o.hibernate.jpa.internal.util.LogHelper  : HHH000204: Processing PersistenceUnitInfo [name: default]
2024-03-26T15:42:50.916+09:00  INFO 18292 --- [ch07] [main] org.hibernate.Version                    : HHH000412: Hibernate ORM core version 6.4.4.Final
2024-03-26T15:42:50.950+09:00  INFO 18292 --- [ch07] [main] o.h.c.internal.RegionFactoryInitiator    : HHH000026: Second-level cache disabled
2024-03-26T15:42:51.146+09:00  INFO 18292 --- [ch07] [main] o.s.o.j.p.SpringPersistenceUnitInfo      : No LoadTimeWeaver setup: ignoring JPA class transformer
2024-03-26T15:42:51.166+09:00  INFO 18292 --- [ch07] [main] com.zaxxer.hikari.HikariDataSource       : HikariPool-1 - Starting...
2024-03-26T15:42:51.419+09:00  INFO 18292 --- [ch07] [main] com.zaxxer.hikari.pool.HikariPool        : HikariPool-1 - Added connection com.mysql.cj.jdbc.ConnectionImpl@36e409e0
2024-03-26T15:42:51.420+09:00  INFO 18292 --- [ch07] [main] com.zaxxer.hikari.HikariDataSource       : HikariPool-1 - Start completed.
2024-03-26T15:42:51.450+09:00  WARN 18292 --- [ch07] [main] org.hibernate.orm.deprecation            : HHH90000025: MySQLDialect does not need to be specified explicitly using 'hibernate.dialect' (remove the property setting and it will be selected by default)
2024-03-26T15:42:52.069+09:00  INFO 18292 --- [ch07] [main] o.h.e.t.j.p.i.JtaPlatformInitiator       : HHH000489: No JTA platform available (set 'hibernate.transaction.jta.platform' to enable JTA platform integration)
2024-03-26T15:42:52.143+09:00  INFO 18292 --- [ch07] [main] j.LocalContainerEntityManagerFactoryBean : Initialized JPA EntityManagerFactory for persistence unit 'default'
2024-03-26T15:42:52.267+09:00  WARN 18292 --- [ch07] [main] JpaBaseConfiguration$JpaWebConfiguration : spring.jpa.open-in-view is enabled by default. Therefore, database queries may be performed during view rendering. Explicitly configure spring.jpa.open-in-view to disable this warning
2024-03-26T15:42:52.292+09:00  INFO 18292 --- [ch07] [main] o.s.b.a.w.s.WelcomePageHandlerMapping    : Adding welcome page template: index
2024-03-26T15:42:52.879+09:00  INFO 18292 --- [ch07] [main] k.co.ch07.repository.shop.QueryDslTest   : Started QueryDslTest in 2.858 seconds (process running for 3.36)
2024-03-26T15:42:53.423+09:00  INFO 18292 --- [ch07] [main] k.co.ch07.repository.shop.QueryDslTest   : [Customer(custId=a101, name=김유신, age=23, hp=null, addr=null, regDate=null), Customer(custId=a102, name=김춘추, age=21, hp=null, addr=null, regDate=null), Customer(custId=a103, name=장보고, age=31, hp=null, addr=null, regDate=null), Customer(custId=a104, name=강감찬, age=41, hp=null, addr=null, regDate=null), Customer(custId=a105, name=이순신, age=51, hp=null, addr=null, regDate=null)]
2024-03-26T15:42:53.469+09:00  INFO 18292 --- [ch07] [main] k.co.ch07.repository.shop.QueryDslTest   : [Customer(custId=a101, name=김유신, age=23, hp=010-1234-1001, addr=서울, regDate=2024-03-12T17:06:03)]
2024-03-26T15:42:53.475+09:00  INFO 18292 --- [ch07] [SpringApplicationShutdownHook] j.LocalContainerEntityManagerFactoryBean : Closing JPA EntityManagerFactory for persistence unit 'default'
2024-03-26T15:42:53.477+09:00  INFO 18292 --- [ch07] [SpringApplicationShutdownHook] com.zaxxer.hikari.HikariDataSource       : HikariPool-1 - Shutdown initiated...
2024-03-26T15:42:53.482+09:00  INFO 18292 --- [ch07] [SpringApplicationShutdownHook] com.zaxxer.hikari.HikariDataSource       : HikariPool-1 - Shutdown completed.
2024-03-26T15:43:56.477+09:00  INFO 18188 --- [ch07] [main] k.co.ch07.repository.shop.QueryDslTest   : Starting QueryDslTest using Java 17.0.9 with PID 18188 (started by JAVA2 in C:\Users\JAVA2\Desktop\WorkSpace2\Spring\ch07)
2024-03-26T15:43:56.478+09:00  INFO 18188 --- [ch07] [main] k.co.ch07.repository.shop.QueryDslTest   : No active profile set, falling back to 1 default profile: "default"
2024-03-26T15:43:56.827+09:00  INFO 18188 --- [ch07] [main] .s.d.r.c.RepositoryConfigurationDelegate : Bootstrapping Spring Data JPA repositories in DEFAULT mode.
2024-03-26T15:43:56.877+09:00  INFO 18188 --- [ch07] [main] .s.d.r.c.RepositoryConfigurationDelegate : Finished Spring Data repository scanning in 45 ms. Found 9 JPA repository interfaces.
2024-03-26T15:43:57.176+09:00  INFO 18188 --- [ch07] [main] o.hibernate.jpa.internal.util.LogHelper  : HHH000204: Processing PersistenceUnitInfo [name: default]
2024-03-26T15:43:57.218+09:00  INFO 18188 --- [ch07] [main] org.hibernate.Version                    : HHH000412: Hibernate ORM core version 6.4.4.Final
2024-03-26T15:43:57.261+09:00  INFO 18188 --- [ch07] [main] o.h.c.internal.RegionFactoryInitiator    : HHH000026: Second-level cache disabled
2024-03-26T15:43:57.449+09:00  INFO 18188 --- [ch07] [main] o.s.o.j.p.SpringPersistenceUnitInfo      : No LoadTimeWeaver setup: ignoring JPA class transformer
2024-03-26T15:43:57.469+09:00  INFO 18188 --- [ch07] [main] com.zaxxer.hikari.HikariDataSource       : HikariPool-1 - Starting...
2024-03-26T15:43:57.657+09:00  INFO 18188 --- [ch07] [main] com.zaxxer.hikari.pool.HikariPool        : HikariPool-1 - Added connection com.mysql.cj.jdbc.ConnectionImpl@7f6b57f2
2024-03-26T15:43:57.659+09:00  INFO 18188 --- [ch07] [main] com.zaxxer.hikari.HikariDataSource       : HikariPool-1 - Start completed.
2024-03-26T15:43:57.686+09:00  WARN 18188 --- [ch07] [main] org.hibernate.orm.deprecation            : HHH90000025: MySQLDialect does not need to be specified explicitly using 'hibernate.dialect' (remove the property setting and it will be selected by default)
2024-03-26T15:43:58.333+09:00  INFO 18188 --- [ch07] [main] o.h.e.t.j.p.i.JtaPlatformInitiator       : HHH000489: No JTA platform available (set 'hibernate.transaction.jta.platform' to enable JTA platform integration)
2024-03-26T15:43:58.398+09:00  INFO 18188 --- [ch07] [main] j.LocalContainerEntityManagerFactoryBean : Initialized JPA EntityManagerFactory for persistence unit 'default'
2024-03-26T15:43:58.506+09:00  WARN 18188 --- [ch07] [main] JpaBaseConfiguration$JpaWebConfiguration : spring.jpa.open-in-view is enabled by default. Therefore, database queries may be performed during view rendering. Explicitly configure spring.jpa.open-in-view to disable this warning
2024-03-26T15:43:58.526+09:00  INFO 18188 --- [ch07] [main] o.s.b.a.w.s.WelcomePageHandlerMapping    : Adding welcome page template: index
2024-03-26T15:43:59.065+09:00  INFO 18188 --- [ch07] [main] k.co.ch07.repository.shop.QueryDslTest   : Started QueryDslTest in 2.739 seconds (process running for 3.246)
2024-03-26T15:43:59.572+09:00  INFO 18188 --- [ch07] [main] k.co.ch07.repository.shop.QueryDslTest   : [Customer(custId=a101, name=김유신, age=23, hp=null, addr=null, regDate=null), Customer(custId=a102, name=김춘추, age=21, hp=null, addr=null, regDate=null), Customer(custId=a103, name=장보고, age=31, hp=null, addr=null, regDate=null), Customer(custId=a104, name=강감찬, age=41, hp=null, addr=null, regDate=null), Customer(custId=a105, name=이순신, age=51, hp=null, addr=null, regDate=null)]
2024-03-26T15:43:59.618+09:00  INFO 18188 --- [ch07] [main] k.co.ch07.repository.shop.QueryDslTest   : [Customer(custId=a101, name=김유신, age=23, hp=010-1234-1001, addr=서울, regDate=2024-03-12T17:06:03)]
2024-03-26T15:43:59.618+09:00  INFO 18188 --- [ch07] [main] k.co.ch07.repository.shop.QueryDslTest   : [Customer(custId=a102, name=김춘추, age=21, hp=010-1234-1002, addr=대전, regDate=2024-03-12T17:06:03), Customer(custId=a103, name=장보고, age=31, hp=010-1234-1003, addr=대구, regDate=2024-03-12T17:06:03), Customer(custId=a104, name=강감찬, age=41, hp=010-1234-1004, addr=부산, regDate=2024-03-12T17:06:03), Customer(custId=a105, name=이순신, age=51, hp=010-1234-1005, addr=광주, regDate=2024-03-12T17:06:03)]
2024-03-26T15:43:59.625+09:00  INFO 18188 --- [ch07] [SpringApplicationShutdownHook] j.LocalContainerEntityManagerFactoryBean : Closing JPA EntityManagerFactory for persistence unit 'default'
2024-03-26T15:43:59.626+09:00  INFO 18188 --- [ch07] [SpringApplicationShutdownHook] com.zaxxer.hikari.HikariDataSource       : HikariPool-1 - Shutdown initiated...
2024-03-26T15:43:59.632+09:00  INFO 18188 --- [ch07] [SpringApplicationShutdownHook] com.zaxxer.hikari.HikariDataSource       : HikariPool-1 - Shutdown completed.
2024-03-26T15:47:11.417+09:00  INFO 19628 --- [ch07] [main] k.co.ch07.repository.shop.QueryDslTest   : Starting QueryDslTest using Java 17.0.9 with PID 19628 (started by JAVA2 in C:\Users\JAVA2\Desktop\WorkSpace2\Spring\ch07)
2024-03-26T15:47:11.419+09:00  INFO 19628 --- [ch07] [main] k.co.ch07.repository.shop.QueryDslTest   : No active profile set, falling back to 1 default profile: "default"
2024-03-26T15:47:11.779+09:00  INFO 19628 --- [ch07] [main] .s.d.r.c.RepositoryConfigurationDelegate : Bootstrapping Spring Data JPA repositories in DEFAULT mode.
2024-03-26T15:47:11.828+09:00  INFO 19628 --- [ch07] [main] .s.d.r.c.RepositoryConfigurationDelegate : Finished Spring Data repository scanning in 44 ms. Found 9 JPA repository interfaces.
2024-03-26T15:47:12.142+09:00  INFO 19628 --- [ch07] [main] o.hibernate.jpa.internal.util.LogHelper  : HHH000204: Processing PersistenceUnitInfo [name: default]
2024-03-26T15:47:12.191+09:00  INFO 19628 --- [ch07] [main] org.hibernate.Version                    : HHH000412: Hibernate ORM core version 6.4.4.Final
2024-03-26T15:47:12.226+09:00  INFO 19628 --- [ch07] [main] o.h.c.internal.RegionFactoryInitiator    : HHH000026: Second-level cache disabled
2024-03-26T15:47:12.425+09:00  INFO 19628 --- [ch07] [main] o.s.o.j.p.SpringPersistenceUnitInfo      : No LoadTimeWeaver setup: ignoring JPA class transformer
2024-03-26T15:47:12.447+09:00  INFO 19628 --- [ch07] [main] com.zaxxer.hikari.HikariDataSource       : HikariPool-1 - Starting...
2024-03-26T15:47:12.629+09:00  INFO 19628 --- [ch07] [main] com.zaxxer.hikari.pool.HikariPool        : HikariPool-1 - Added connection com.mysql.cj.jdbc.ConnectionImpl@7ea3839e
2024-03-26T15:47:12.631+09:00  INFO 19628 --- [ch07] [main] com.zaxxer.hikari.HikariDataSource       : HikariPool-1 - Start completed.
2024-03-26T15:47:12.669+09:00  WARN 19628 --- [ch07] [main] org.hibernate.orm.deprecation            : HHH90000025: MySQLDialect does not need to be specified explicitly using 'hibernate.dialect' (remove the property setting and it will be selected by default)
2024-03-26T15:47:13.343+09:00  INFO 19628 --- [ch07] [main] o.h.e.t.j.p.i.JtaPlatformInitiator       : HHH000489: No JTA platform available (set 'hibernate.transaction.jta.platform' to enable JTA platform integration)
2024-03-26T15:47:13.414+09:00  INFO 19628 --- [ch07] [main] j.LocalContainerEntityManagerFactoryBean : Initialized JPA EntityManagerFactory for persistence unit 'default'
2024-03-26T15:47:13.526+09:00  WARN 19628 --- [ch07] [main] JpaBaseConfiguration$JpaWebConfiguration : spring.jpa.open-in-view is enabled by default. Therefore, database queries may be performed during view rendering. Explicitly configure spring.jpa.open-in-view to disable this warning
2024-03-26T15:47:13.546+09:00  INFO 19628 --- [ch07] [main] o.s.b.a.w.s.WelcomePageHandlerMapping    : Adding welcome page template: index
2024-03-26T15:47:14.153+09:00  INFO 19628 --- [ch07] [main] k.co.ch07.repository.shop.QueryDslTest   : Started QueryDslTest in 2.888 seconds (process running for 3.405)
2024-03-26T15:47:14.644+09:00  INFO 19628 --- [ch07] [main] k.co.ch07.repository.shop.QueryDslTest   : [Customer(custId=a101, name=김유신, age=23, hp=null, addr=null, regDate=null), Customer(custId=a102, name=김춘추, age=21, hp=null, addr=null, regDate=null), Customer(custId=a103, name=장보고, age=31, hp=null, addr=null, regDate=null), Customer(custId=a104, name=강감찬, age=41, hp=null, addr=null, regDate=null), Customer(custId=a105, name=이순신, age=51, hp=null, addr=null, regDate=null)]
2024-03-26T15:47:14.691+09:00  INFO 19628 --- [ch07] [main] k.co.ch07.repository.shop.QueryDslTest   : [Customer(custId=a101, name=김유신, age=23, hp=010-1234-1001, addr=서울, regDate=2024-03-12T17:06:03)]
2024-03-26T15:47:14.691+09:00  INFO 19628 --- [ch07] [main] k.co.ch07.repository.shop.QueryDslTest   : [Customer(custId=a102, name=김춘추, age=21, hp=010-1234-1002, addr=대전, regDate=2024-03-12T17:06:03), Customer(custId=a103, name=장보고, age=31, hp=010-1234-1003, addr=대구, regDate=2024-03-12T17:06:03), Customer(custId=a104, name=강감찬, age=41, hp=010-1234-1004, addr=부산, regDate=2024-03-12T17:06:03), Customer(custId=a105, name=이순신, age=51, hp=010-1234-1005, addr=광주, regDate=2024-03-12T17:06:03)]
2024-03-26T15:47:14.710+09:00  INFO 19628 --- [ch07] [main] k.co.ch07.repository.shop.QueryDslTest   : result1 :[Customer(custId=a103, name=장보고, age=31, hp=010-1234-1003, addr=대구, regDate=2024-03-12T17:06:03), Customer(custId=a104, name=강감찬, age=41, hp=010-1234-1004, addr=부산, regDate=2024-03-12T17:06:03), Customer(custId=a105, name=이순신, age=51, hp=010-1234-1005, addr=광주, regDate=2024-03-12T17:06:03)]
2024-03-26T15:47:14.715+09:00  INFO 19628 --- [ch07] [SpringApplicationShutdownHook] j.LocalContainerEntityManagerFactoryBean : Closing JPA EntityManagerFactory for persistence unit 'default'
2024-03-26T15:47:14.717+09:00  INFO 19628 --- [ch07] [SpringApplicationShutdownHook] com.zaxxer.hikari.HikariDataSource       : HikariPool-1 - Shutdown initiated...
2024-03-26T15:47:14.721+09:00  INFO 19628 --- [ch07] [SpringApplicationShutdownHook] com.zaxxer.hikari.HikariDataSource       : HikariPool-1 - Shutdown completed.
2024-03-26T16:02:53.926+09:00  INFO 19068 --- [ch07] [main] k.co.ch07.repository.shop.QueryDslTest   : Starting QueryDslTest using Java 17.0.9 with PID 19068 (started by JAVA2 in C:\Users\JAVA2\Desktop\WorkSpace2\Spring\ch07)
2024-03-26T16:02:53.927+09:00  INFO 19068 --- [ch07] [main] k.co.ch07.repository.shop.QueryDslTest   : No active profile set, falling back to 1 default profile: "default"
2024-03-26T16:02:54.273+09:00  INFO 19068 --- [ch07] [main] .s.d.r.c.RepositoryConfigurationDelegate : Bootstrapping Spring Data JPA repositories in DEFAULT mode.
2024-03-26T16:02:54.327+09:00  INFO 19068 --- [ch07] [main] .s.d.r.c.RepositoryConfigurationDelegate : Finished Spring Data repository scanning in 48 ms. Found 9 JPA repository interfaces.
2024-03-26T16:02:54.697+09:00  INFO 19068 --- [ch07] [main] o.hibernate.jpa.internal.util.LogHelper  : HHH000204: Processing PersistenceUnitInfo [name: default]
2024-03-26T16:02:54.760+09:00  INFO 19068 --- [ch07] [main] org.hibernate.Version                    : HHH000412: Hibernate ORM core version 6.4.4.Final
2024-03-26T16:02:54.791+09:00  INFO 19068 --- [ch07] [main] o.h.c.internal.RegionFactoryInitiator    : HHH000026: Second-level cache disabled
2024-03-26T16:02:54.991+09:00  INFO 19068 --- [ch07] [main] o.s.o.j.p.SpringPersistenceUnitInfo      : No LoadTimeWeaver setup: ignoring JPA class transformer
2024-03-26T16:02:55.015+09:00  INFO 19068 --- [ch07] [main] com.zaxxer.hikari.HikariDataSource       : HikariPool-1 - Starting...
2024-03-26T16:02:55.217+09:00  INFO 19068 --- [ch07] [main] com.zaxxer.hikari.pool.HikariPool        : HikariPool-1 - Added connection com.mysql.cj.jdbc.ConnectionImpl@52b32b70
2024-03-26T16:02:55.218+09:00  INFO 19068 --- [ch07] [main] com.zaxxer.hikari.HikariDataSource       : HikariPool-1 - Start completed.
2024-03-26T16:02:55.245+09:00  WARN 19068 --- [ch07] [main] org.hibernate.orm.deprecation            : HHH90000025: MySQLDialect does not need to be specified explicitly using 'hibernate.dialect' (remove the property setting and it will be selected by default)
2024-03-26T16:02:55.915+09:00  INFO 19068 --- [ch07] [main] o.h.e.t.j.p.i.JtaPlatformInitiator       : HHH000489: No JTA platform available (set 'hibernate.transaction.jta.platform' to enable JTA platform integration)
2024-03-26T16:02:55.980+09:00  INFO 19068 --- [ch07] [main] j.LocalContainerEntityManagerFactoryBean : Initialized JPA EntityManagerFactory for persistence unit 'default'
2024-03-26T16:02:56.104+09:00  WARN 19068 --- [ch07] [main] JpaBaseConfiguration$JpaWebConfiguration : spring.jpa.open-in-view is enabled by default. Therefore, database queries may be performed during view rendering. Explicitly configure spring.jpa.open-in-view to disable this warning
2024-03-26T16:02:56.133+09:00  INFO 19068 --- [ch07] [main] o.s.b.a.w.s.WelcomePageHandlerMapping    : Adding welcome page template: index
2024-03-26T16:02:56.846+09:00  INFO 19068 --- [ch07] [main] k.co.ch07.repository.shop.QueryDslTest   : Started QueryDslTest in 3.067 seconds (process running for 3.57)
2024-03-26T16:02:57.357+09:00  INFO 19068 --- [ch07] [main] k.co.ch07.repository.shop.QueryDslTest   : [Customer(custId=a101, name=김유신, age=23, hp=null, addr=null, regDate=null), Customer(custId=a102, name=김춘추, age=21, hp=null, addr=null, regDate=null), Customer(custId=a103, name=장보고, age=31, hp=null, addr=null, regDate=null), Customer(custId=a104, name=강감찬, age=41, hp=null, addr=null, regDate=null), Customer(custId=a105, name=이순신, age=51, hp=null, addr=null, regDate=null)]
2024-03-26T16:02:57.403+09:00  INFO 19068 --- [ch07] [main] k.co.ch07.repository.shop.QueryDslTest   : [Customer(custId=a101, name=김유신, age=23, hp=010-1234-1001, addr=서울, regDate=2024-03-12T17:06:03)]
2024-03-26T16:02:57.403+09:00  INFO 19068 --- [ch07] [main] k.co.ch07.repository.shop.QueryDslTest   : [Customer(custId=a102, name=김춘추, age=21, hp=010-1234-1002, addr=대전, regDate=2024-03-12T17:06:03), Customer(custId=a103, name=장보고, age=31, hp=010-1234-1003, addr=대구, regDate=2024-03-12T17:06:03), Customer(custId=a104, name=강감찬, age=41, hp=010-1234-1004, addr=부산, regDate=2024-03-12T17:06:03), Customer(custId=a105, name=이순신, age=51, hp=010-1234-1005, addr=광주, regDate=2024-03-12T17:06:03)]
2024-03-26T16:02:57.422+09:00  INFO 19068 --- [ch07] [main] k.co.ch07.repository.shop.QueryDslTest   : result1 :[Customer(custId=a103, name=장보고, age=31, hp=010-1234-1003, addr=대구, regDate=2024-03-12T17:06:03), Customer(custId=a104, name=강감찬, age=41, hp=010-1234-1004, addr=부산, regDate=2024-03-12T17:06:03), Customer(custId=a105, name=이순신, age=51, hp=010-1234-1005, addr=광주, regDate=2024-03-12T17:06:03)]
2024-03-26T16:02:57.432+09:00  INFO 19068 --- [ch07] [main] k.co.ch07.repository.shop.QueryDslTest   : customers : [Customer(custId=a102, name=김춘추, age=21, hp=010-1234-1002, addr=대전, regDate=2024-03-12T17:06:03), Customer(custId=a103, name=장보고, age=31, hp=010-1234-1003, addr=대구, regDate=2024-03-12T17:06:03), Customer(custId=a104, name=강감찬, age=41, hp=010-1234-1004, addr=부산, regDate=2024-03-12T17:06:03)]
2024-03-26T16:02:57.439+09:00  INFO 19068 --- [ch07] [SpringApplicationShutdownHook] j.LocalContainerEntityManagerFactoryBean : Closing JPA EntityManagerFactory for persistence unit 'default'
2024-03-26T16:02:57.441+09:00  INFO 19068 --- [ch07] [SpringApplicationShutdownHook] com.zaxxer.hikari.HikariDataSource       : HikariPool-1 - Shutdown initiated...
2024-03-26T16:02:57.446+09:00  INFO 19068 --- [ch07] [SpringApplicationShutdownHook] com.zaxxer.hikari.HikariDataSource       : HikariPool-1 - Shutdown completed.
2024-03-26T16:04:41.891+09:00  INFO 6260 --- [ch07] [main] k.co.ch07.repository.shop.QueryDslTest   : Starting QueryDslTest using Java 17.0.9 with PID 6260 (started by JAVA2 in C:\Users\JAVA2\Desktop\WorkSpace2\Spring\ch07)
2024-03-26T16:04:41.892+09:00  INFO 6260 --- [ch07] [main] k.co.ch07.repository.shop.QueryDslTest   : No active profile set, falling back to 1 default profile: "default"
2024-03-26T16:04:42.245+09:00  INFO 6260 --- [ch07] [main] .s.d.r.c.RepositoryConfigurationDelegate : Bootstrapping Spring Data JPA repositories in DEFAULT mode.
2024-03-26T16:04:42.303+09:00  INFO 6260 --- [ch07] [main] .s.d.r.c.RepositoryConfigurationDelegate : Finished Spring Data repository scanning in 51 ms. Found 9 JPA repository interfaces.
2024-03-26T16:04:42.619+09:00  INFO 6260 --- [ch07] [main] o.hibernate.jpa.internal.util.LogHelper  : HHH000204: Processing PersistenceUnitInfo [name: default]
2024-03-26T16:04:42.665+09:00  INFO 6260 --- [ch07] [main] org.hibernate.Version                    : HHH000412: Hibernate ORM core version 6.4.4.Final
2024-03-26T16:04:42.689+09:00  INFO 6260 --- [ch07] [main] o.h.c.internal.RegionFactoryInitiator    : HHH000026: Second-level cache disabled
2024-03-26T16:04:42.886+09:00  INFO 6260 --- [ch07] [main] o.s.o.j.p.SpringPersistenceUnitInfo      : No LoadTimeWeaver setup: ignoring JPA class transformer
2024-03-26T16:04:42.906+09:00  INFO 6260 --- [ch07] [main] com.zaxxer.hikari.HikariDataSource       : HikariPool-1 - Starting...
2024-03-26T16:04:43.100+09:00  INFO 6260 --- [ch07] [main] com.zaxxer.hikari.pool.HikariPool        : HikariPool-1 - Added connection com.mysql.cj.jdbc.ConnectionImpl@6d001fbe
2024-03-26T16:04:43.101+09:00  INFO 6260 --- [ch07] [main] com.zaxxer.hikari.HikariDataSource       : HikariPool-1 - Start completed.
2024-03-26T16:04:43.130+09:00  WARN 6260 --- [ch07] [main] org.hibernate.orm.deprecation            : HHH90000025: MySQLDialect does not need to be specified explicitly using 'hibernate.dialect' (remove the property setting and it will be selected by default)
2024-03-26T16:04:43.802+09:00  INFO 6260 --- [ch07] [main] o.h.e.t.j.p.i.JtaPlatformInitiator       : HHH000489: No JTA platform available (set 'hibernate.transaction.jta.platform' to enable JTA platform integration)
2024-03-26T16:04:43.873+09:00  INFO 6260 --- [ch07] [main] j.LocalContainerEntityManagerFactoryBean : Initialized JPA EntityManagerFactory for persistence unit 'default'
2024-03-26T16:04:44.026+09:00  WARN 6260 --- [ch07] [main] JpaBaseConfiguration$JpaWebConfiguration : spring.jpa.open-in-view is enabled by default. Therefore, database queries may be performed during view rendering. Explicitly configure spring.jpa.open-in-view to disable this warning
2024-03-26T16:04:44.059+09:00  INFO 6260 --- [ch07] [main] o.s.b.a.w.s.WelcomePageHandlerMapping    : Adding welcome page template: index
2024-03-26T16:04:44.729+09:00  INFO 6260 --- [ch07] [main] k.co.ch07.repository.shop.QueryDslTest   : Started QueryDslTest in 2.992 seconds (process running for 3.502)
2024-03-26T16:04:45.224+09:00  INFO 6260 --- [ch07] [main] k.co.ch07.repository.shop.QueryDslTest   : [Customer(custId=a101, name=김유신, age=23, hp=null, addr=null, regDate=null), Customer(custId=a102, name=김춘추, age=21, hp=null, addr=null, regDate=null), Customer(custId=a103, name=장보고, age=31, hp=null, addr=null, regDate=null), Customer(custId=a104, name=강감찬, age=41, hp=null, addr=null, regDate=null), Customer(custId=a105, name=이순신, age=51, hp=null, addr=null, regDate=null)]
2024-03-26T16:04:45.271+09:00  INFO 6260 --- [ch07] [main] k.co.ch07.repository.shop.QueryDslTest   : [Customer(custId=a101, name=김유신, age=23, hp=010-1234-1001, addr=서울, regDate=2024-03-12T17:06:03)]
2024-03-26T16:04:45.271+09:00  INFO 6260 --- [ch07] [main] k.co.ch07.repository.shop.QueryDslTest   : [Customer(custId=a102, name=김춘추, age=21, hp=010-1234-1002, addr=대전, regDate=2024-03-12T17:06:03), Customer(custId=a103, name=장보고, age=31, hp=010-1234-1003, addr=대구, regDate=2024-03-12T17:06:03), Customer(custId=a104, name=강감찬, age=41, hp=010-1234-1004, addr=부산, regDate=2024-03-12T17:06:03), Customer(custId=a105, name=이순신, age=51, hp=010-1234-1005, addr=광주, regDate=2024-03-12T17:06:03)]
2024-03-26T16:04:45.291+09:00  INFO 6260 --- [ch07] [main] k.co.ch07.repository.shop.QueryDslTest   : result1 :[Customer(custId=a103, name=장보고, age=31, hp=010-1234-1003, addr=대구, regDate=2024-03-12T17:06:03), Customer(custId=a104, name=강감찬, age=41, hp=010-1234-1004, addr=부산, regDate=2024-03-12T17:06:03), Customer(custId=a105, name=이순신, age=51, hp=010-1234-1005, addr=광주, regDate=2024-03-12T17:06:03)]
2024-03-26T16:04:45.301+09:00  INFO 6260 --- [ch07] [main] k.co.ch07.repository.shop.QueryDslTest   : customers : [Customer(custId=a102, name=김춘추, age=21, hp=010-1234-1002, addr=대전, regDate=2024-03-12T17:06:03), Customer(custId=a103, name=장보고, age=31, hp=010-1234-1003, addr=대구, regDate=2024-03-12T17:06:03), Customer(custId=a104, name=강감찬, age=41, hp=010-1234-1004, addr=부산, regDate=2024-03-12T17:06:03)]
2024-03-26T16:04:45.313+09:00  INFO 6260 --- [ch07] [main] k.co.ch07.repository.shop.QueryDslTest   : customers : [Customer(custId=a101, name=김유신, age=23, hp=010-1234-1001, addr=서울, regDate=2024-03-12T17:06:03), Customer(custId=a105, name=이순신, age=51, hp=010-1234-1005, addr=광주, regDate=2024-03-12T17:06:03)]
2024-03-26T16:04:45.320+09:00  INFO 6260 --- [ch07] [SpringApplicationShutdownHook] j.LocalContainerEntityManagerFactoryBean : Closing JPA EntityManagerFactory for persistence unit 'default'
2024-03-26T16:04:45.321+09:00  INFO 6260 --- [ch07] [SpringApplicationShutdownHook] com.zaxxer.hikari.HikariDataSource       : HikariPool-1 - Shutdown initiated...
2024-03-26T16:04:45.327+09:00  INFO 6260 --- [ch07] [SpringApplicationShutdownHook] com.zaxxer.hikari.HikariDataSource       : HikariPool-1 - Shutdown completed.
2024-03-26T16:36:04.956+09:00  INFO 19356 --- [ch07] [main] k.co.ch07.repository.shop.QueryDslTest   : Starting QueryDslTest using Java 17.0.9 with PID 19356 (started by JAVA2 in C:\Users\JAVA2\Desktop\WorkSpace2\Spring\ch07)
2024-03-26T16:36:04.957+09:00  INFO 19356 --- [ch07] [main] k.co.ch07.repository.shop.QueryDslTest   : No active profile set, falling back to 1 default profile: "default"
2024-03-26T16:36:05.304+09:00  INFO 19356 --- [ch07] [main] .s.d.r.c.RepositoryConfigurationDelegate : Bootstrapping Spring Data JPA repositories in DEFAULT mode.
2024-03-26T16:36:05.369+09:00  INFO 19356 --- [ch07] [main] .s.d.r.c.RepositoryConfigurationDelegate : Finished Spring Data repository scanning in 58 ms. Found 9 JPA repository interfaces.
2024-03-26T16:36:05.684+09:00  INFO 19356 --- [ch07] [main] o.hibernate.jpa.internal.util.LogHelper  : HHH000204: Processing PersistenceUnitInfo [name: default]
2024-03-26T16:36:05.721+09:00  INFO 19356 --- [ch07] [main] org.hibernate.Version                    : HHH000412: Hibernate ORM core version 6.4.4.Final
2024-03-26T16:36:05.743+09:00  INFO 19356 --- [ch07] [main] o.h.c.internal.RegionFactoryInitiator    : HHH000026: Second-level cache disabled
2024-03-26T16:36:05.924+09:00  INFO 19356 --- [ch07] [main] o.s.o.j.p.SpringPersistenceUnitInfo      : No LoadTimeWeaver setup: ignoring JPA class transformer
2024-03-26T16:36:05.944+09:00  INFO 19356 --- [ch07] [main] com.zaxxer.hikari.HikariDataSource       : HikariPool-1 - Starting...
2024-03-26T16:36:06.130+09:00  INFO 19356 --- [ch07] [main] com.zaxxer.hikari.pool.HikariPool        : HikariPool-1 - Added connection com.mysql.cj.jdbc.ConnectionImpl@2d2fc130
2024-03-26T16:36:06.131+09:00  INFO 19356 --- [ch07] [main] com.zaxxer.hikari.HikariDataSource       : HikariPool-1 - Start completed.
2024-03-26T16:36:06.223+09:00  WARN 19356 --- [ch07] [main] org.hibernate.orm.deprecation            : HHH90000025: MySQLDialect does not need to be specified explicitly using 'hibernate.dialect' (remove the property setting and it will be selected by default)
2024-03-26T16:36:06.890+09:00  INFO 19356 --- [ch07] [main] o.h.e.t.j.p.i.JtaPlatformInitiator       : HHH000489: No JTA platform available (set 'hibernate.transaction.jta.platform' to enable JTA platform integration)
2024-03-26T16:36:06.959+09:00  INFO 19356 --- [ch07] [main] j.LocalContainerEntityManagerFactoryBean : Initialized JPA EntityManagerFactory for persistence unit 'default'
2024-03-26T16:36:07.094+09:00  WARN 19356 --- [ch07] [main] JpaBaseConfiguration$JpaWebConfiguration : spring.jpa.open-in-view is enabled by default. Therefore, database queries may be performed during view rendering. Explicitly configure spring.jpa.open-in-view to disable this warning
2024-03-26T16:36:07.122+09:00  INFO 19356 --- [ch07] [main] o.s.b.a.w.s.WelcomePageHandlerMapping    : Adding welcome page template: index
2024-03-26T16:36:07.754+09:00  INFO 19356 --- [ch07] [main] k.co.ch07.repository.shop.QueryDslTest   : Started QueryDslTest in 2.95 seconds (process running for 3.454)
2024-03-26T16:36:08.256+09:00  INFO 19356 --- [ch07] [main] k.co.ch07.repository.shop.QueryDslTest   : [Customer(custId=a101, name=김유신, age=23, hp=null, addr=null, regDate=null), Customer(custId=a102, name=김춘추, age=21, hp=null, addr=null, regDate=null), Customer(custId=a103, name=장보고, age=31, hp=null, addr=null, regDate=null), Customer(custId=a104, name=강감찬, age=41, hp=null, addr=null, regDate=null), Customer(custId=a105, name=이순신, age=51, hp=null, addr=null, regDate=null)]
2024-03-26T16:36:08.312+09:00  INFO 19356 --- [ch07] [main] k.co.ch07.repository.shop.QueryDslTest   : [Customer(custId=a101, name=김유신, age=23, hp=010-1234-1001, addr=서울, regDate=2024-03-12T17:06:03)]
2024-03-26T16:36:08.312+09:00  INFO 19356 --- [ch07] [main] k.co.ch07.repository.shop.QueryDslTest   : [Customer(custId=a102, name=김춘추, age=21, hp=010-1234-1002, addr=대전, regDate=2024-03-12T17:06:03), Customer(custId=a103, name=장보고, age=31, hp=010-1234-1003, addr=대구, regDate=2024-03-12T17:06:03), Customer(custId=a104, name=강감찬, age=41, hp=010-1234-1004, addr=부산, regDate=2024-03-12T17:06:03), Customer(custId=a105, name=이순신, age=51, hp=010-1234-1005, addr=광주, regDate=2024-03-12T17:06:03)]
2024-03-26T16:36:08.331+09:00  INFO 19356 --- [ch07] [main] k.co.ch07.repository.shop.QueryDslTest   : result1 :[Customer(custId=a103, name=장보고, age=31, hp=010-1234-1003, addr=대구, regDate=2024-03-12T17:06:03), Customer(custId=a104, name=강감찬, age=41, hp=010-1234-1004, addr=부산, regDate=2024-03-12T17:06:03), Customer(custId=a105, name=이순신, age=51, hp=010-1234-1005, addr=광주, regDate=2024-03-12T17:06:03)]
2024-03-26T16:36:08.340+09:00  INFO 19356 --- [ch07] [main] k.co.ch07.repository.shop.QueryDslTest   : customers : [Customer(custId=a102, name=김춘추, age=21, hp=010-1234-1002, addr=대전, regDate=2024-03-12T17:06:03), Customer(custId=a103, name=장보고, age=31, hp=010-1234-1003, addr=대구, regDate=2024-03-12T17:06:03), Customer(custId=a104, name=강감찬, age=41, hp=010-1234-1004, addr=부산, regDate=2024-03-12T17:06:03)]
2024-03-26T16:36:08.353+09:00  INFO 19356 --- [ch07] [main] k.co.ch07.repository.shop.QueryDslTest   : customers : [Customer(custId=a101, name=김유신, age=23, hp=010-1234-1001, addr=서울, regDate=2024-03-12T17:06:03), Customer(custId=a105, name=이순신, age=51, hp=010-1234-1005, addr=광주, regDate=2024-03-12T17:06:03)]
2024-03-26T16:36:08.366+09:00  INFO 19356 --- [ch07] [main] k.co.ch07.repository.shop.QueryDslTest   : test12 : []
2024-03-26T16:36:08.376+09:00  INFO 19356 --- [ch07] [SpringApplicationShutdownHook] j.LocalContainerEntityManagerFactoryBean : Closing JPA EntityManagerFactory for persistence unit 'default'
2024-03-26T16:36:08.378+09:00  INFO 19356 --- [ch07] [SpringApplicationShutdownHook] com.zaxxer.hikari.HikariDataSource       : HikariPool-1 - Shutdown initiated...
2024-03-26T16:36:08.382+09:00  INFO 19356 --- [ch07] [SpringApplicationShutdownHook] com.zaxxer.hikari.HikariDataSource       : HikariPool-1 - Shutdown completed.
2024-03-26T16:40:58.569+09:00  INFO 13696 --- [ch07] [main] k.co.ch07.repository.shop.QueryDslTest   : Starting QueryDslTest using Java 17.0.9 with PID 13696 (started by JAVA2 in C:\Users\JAVA2\Desktop\WorkSpace2\Spring\ch07)
2024-03-26T16:40:58.570+09:00  INFO 13696 --- [ch07] [main] k.co.ch07.repository.shop.QueryDslTest   : No active profile set, falling back to 1 default profile: "default"
2024-03-26T16:40:58.911+09:00  INFO 13696 --- [ch07] [main] .s.d.r.c.RepositoryConfigurationDelegate : Bootstrapping Spring Data JPA repositories in DEFAULT mode.
2024-03-26T16:40:58.962+09:00  INFO 13696 --- [ch07] [main] .s.d.r.c.RepositoryConfigurationDelegate : Finished Spring Data repository scanning in 45 ms. Found 9 JPA repository interfaces.
2024-03-26T16:40:59.269+09:00  INFO 13696 --- [ch07] [main] o.hibernate.jpa.internal.util.LogHelper  : HHH000204: Processing PersistenceUnitInfo [name: default]
2024-03-26T16:40:59.311+09:00  INFO 13696 --- [ch07] [main] org.hibernate.Version                    : HHH000412: Hibernate ORM core version 6.4.4.Final
2024-03-26T16:40:59.335+09:00  INFO 13696 --- [ch07] [main] o.h.c.internal.RegionFactoryInitiator    : HHH000026: Second-level cache disabled
2024-03-26T16:40:59.522+09:00  INFO 13696 --- [ch07] [main] o.s.o.j.p.SpringPersistenceUnitInfo      : No LoadTimeWeaver setup: ignoring JPA class transformer
2024-03-26T16:40:59.542+09:00  INFO 13696 --- [ch07] [main] com.zaxxer.hikari.HikariDataSource       : HikariPool-1 - Starting...
2024-03-26T16:40:59.735+09:00  INFO 13696 --- [ch07] [main] com.zaxxer.hikari.pool.HikariPool        : HikariPool-1 - Added connection com.mysql.cj.jdbc.ConnectionImpl@57bdceaa
2024-03-26T16:40:59.737+09:00  INFO 13696 --- [ch07] [main] com.zaxxer.hikari.HikariDataSource       : HikariPool-1 - Start completed.
2024-03-26T16:40:59.763+09:00  WARN 13696 --- [ch07] [main] org.hibernate.orm.deprecation            : HHH90000025: MySQLDialect does not need to be specified explicitly using 'hibernate.dialect' (remove the property setting and it will be selected by default)
2024-03-26T16:41:00.422+09:00  INFO 13696 --- [ch07] [main] o.h.e.t.j.p.i.JtaPlatformInitiator       : HHH000489: No JTA platform available (set 'hibernate.transaction.jta.platform' to enable JTA platform integration)
2024-03-26T16:41:00.487+09:00  INFO 13696 --- [ch07] [main] j.LocalContainerEntityManagerFactoryBean : Initialized JPA EntityManagerFactory for persistence unit 'default'
2024-03-26T16:41:00.615+09:00  WARN 13696 --- [ch07] [main] JpaBaseConfiguration$JpaWebConfiguration : spring.jpa.open-in-view is enabled by default. Therefore, database queries may be performed during view rendering. Explicitly configure spring.jpa.open-in-view to disable this warning
2024-03-26T16:41:00.641+09:00  INFO 13696 --- [ch07] [main] o.s.b.a.w.s.WelcomePageHandlerMapping    : Adding welcome page template: index
2024-03-26T16:41:01.289+09:00  INFO 13696 --- [ch07] [main] k.co.ch07.repository.shop.QueryDslTest   : Started QueryDslTest in 2.867 seconds (process running for 3.422)
2024-03-26T16:41:01.783+09:00  INFO 13696 --- [ch07] [main] k.co.ch07.repository.shop.QueryDslTest   : [Customer(custId=a101, name=김유신, age=23, hp=null, addr=null, regDate=null), Customer(custId=a102, name=김춘추, age=21, hp=null, addr=null, regDate=null), Customer(custId=a103, name=장보고, age=31, hp=null, addr=null, regDate=null), Customer(custId=a104, name=강감찬, age=41, hp=null, addr=null, regDate=null), Customer(custId=a105, name=이순신, age=51, hp=null, addr=null, regDate=null)]
2024-03-26T16:41:01.830+09:00  INFO 13696 --- [ch07] [main] k.co.ch07.repository.shop.QueryDslTest   : [Customer(custId=a101, name=김유신, age=23, hp=010-1234-1001, addr=서울, regDate=2024-03-12T17:06:03)]
2024-03-26T16:41:01.830+09:00  INFO 13696 --- [ch07] [main] k.co.ch07.repository.shop.QueryDslTest   : [Customer(custId=a102, name=김춘추, age=21, hp=010-1234-1002, addr=대전, regDate=2024-03-12T17:06:03), Customer(custId=a103, name=장보고, age=31, hp=010-1234-1003, addr=대구, regDate=2024-03-12T17:06:03), Customer(custId=a104, name=강감찬, age=41, hp=010-1234-1004, addr=부산, regDate=2024-03-12T17:06:03), Customer(custId=a105, name=이순신, age=51, hp=010-1234-1005, addr=광주, regDate=2024-03-12T17:06:03)]
2024-03-26T16:41:01.849+09:00  INFO 13696 --- [ch07] [main] k.co.ch07.repository.shop.QueryDslTest   : result1 :[Customer(custId=a103, name=장보고, age=31, hp=010-1234-1003, addr=대구, regDate=2024-03-12T17:06:03), Customer(custId=a104, name=강감찬, age=41, hp=010-1234-1004, addr=부산, regDate=2024-03-12T17:06:03), Customer(custId=a105, name=이순신, age=51, hp=010-1234-1005, addr=광주, regDate=2024-03-12T17:06:03)]
2024-03-26T16:41:01.859+09:00  INFO 13696 --- [ch07] [main] k.co.ch07.repository.shop.QueryDslTest   : customers : [Customer(custId=a102, name=김춘추, age=21, hp=010-1234-1002, addr=대전, regDate=2024-03-12T17:06:03), Customer(custId=a103, name=장보고, age=31, hp=010-1234-1003, addr=대구, regDate=2024-03-12T17:06:03), Customer(custId=a104, name=강감찬, age=41, hp=010-1234-1004, addr=부산, regDate=2024-03-12T17:06:03)]
2024-03-26T16:41:01.870+09:00  INFO 13696 --- [ch07] [main] k.co.ch07.repository.shop.QueryDslTest   : customers : [Customer(custId=a101, name=김유신, age=23, hp=010-1234-1001, addr=서울, regDate=2024-03-12T17:06:03), Customer(custId=a105, name=이순신, age=51, hp=010-1234-1005, addr=광주, regDate=2024-03-12T17:06:03)]
2024-03-26T16:41:01.886+09:00  INFO 13696 --- [ch07] [main] k.co.ch07.repository.shop.QueryDslTest   : test12 : []
2024-03-26T16:41:01.929+09:00  INFO 13696 --- [ch07] [main] k.co.ch07.repository.shop.QueryDslTest   : test12 : [Customer(custId=a101, name=김유신, age=23, hp=010-1234-1001, addr=서울, regDate=2024-03-12T17:06:03), Customer(custId=a102, name=김춘추, age=21, hp=010-1234-1002, addr=대전, regDate=2024-03-12T17:06:03), Customer(custId=a103, name=장보고, age=31, hp=010-1234-1003, addr=대구, regDate=2024-03-12T17:06:03), Customer(custId=a104, name=강감찬, age=41, hp=010-1234-1004, addr=부산, regDate=2024-03-12T17:06:03), Customer(custId=a105, name=이순신, age=51, hp=010-1234-1005, addr=광주, regDate=2024-03-12T17:06:03)]
2024-03-26T16:41:01.938+09:00  INFO 13696 --- [ch07] [SpringApplicationShutdownHook] j.LocalContainerEntityManagerFactoryBean : Closing JPA EntityManagerFactory for persistence unit 'default'
2024-03-26T16:41:01.941+09:00  INFO 13696 --- [ch07] [SpringApplicationShutdownHook] com.zaxxer.hikari.HikariDataSource       : HikariPool-1 - Shutdown initiated...
2024-03-26T16:41:01.950+09:00  INFO 13696 --- [ch07] [SpringApplicationShutdownHook] com.zaxxer.hikari.HikariDataSource       : HikariPool-1 - Shutdown completed.
2024-03-26T16:41:15.485+09:00  INFO 948 --- [ch07] [main] k.co.ch07.repository.shop.QueryDslTest   : Starting QueryDslTest using Java 17.0.9 with PID 948 (started by JAVA2 in C:\Users\JAVA2\Desktop\WorkSpace2\Spring\ch07)
2024-03-26T16:41:15.486+09:00  INFO 948 --- [ch07] [main] k.co.ch07.repository.shop.QueryDslTest   : No active profile set, falling back to 1 default profile: "default"
2024-03-26T16:41:15.839+09:00  INFO 948 --- [ch07] [main] .s.d.r.c.RepositoryConfigurationDelegate : Bootstrapping Spring Data JPA repositories in DEFAULT mode.
2024-03-26T16:41:15.896+09:00  INFO 948 --- [ch07] [main] .s.d.r.c.RepositoryConfigurationDelegate : Finished Spring Data repository scanning in 50 ms. Found 9 JPA repository interfaces.
2024-03-26T16:41:16.247+09:00  INFO 948 --- [ch07] [main] o.hibernate.jpa.internal.util.LogHelper  : HHH000204: Processing PersistenceUnitInfo [name: default]
2024-03-26T16:41:16.288+09:00  INFO 948 --- [ch07] [main] org.hibernate.Version                    : HHH000412: Hibernate ORM core version 6.4.4.Final
2024-03-26T16:41:16.314+09:00  INFO 948 --- [ch07] [main] o.h.c.internal.RegionFactoryInitiator    : HHH000026: Second-level cache disabled
2024-03-26T16:41:16.503+09:00  INFO 948 --- [ch07] [main] o.s.o.j.p.SpringPersistenceUnitInfo      : No LoadTimeWeaver setup: ignoring JPA class transformer
2024-03-26T16:41:16.524+09:00  INFO 948 --- [ch07] [main] com.zaxxer.hikari.HikariDataSource       : HikariPool-1 - Starting...
2024-03-26T16:41:16.724+09:00  INFO 948 --- [ch07] [main] com.zaxxer.hikari.pool.HikariPool        : HikariPool-1 - Added connection com.mysql.cj.jdbc.ConnectionImpl@15f2a43f
2024-03-26T16:41:16.726+09:00  INFO 948 --- [ch07] [main] com.zaxxer.hikari.HikariDataSource       : HikariPool-1 - Start completed.
2024-03-26T16:41:16.753+09:00  WARN 948 --- [ch07] [main] org.hibernate.orm.deprecation            : HHH90000025: MySQLDialect does not need to be specified explicitly using 'hibernate.dialect' (remove the property setting and it will be selected by default)
2024-03-26T16:41:17.551+09:00  INFO 948 --- [ch07] [main] o.h.e.t.j.p.i.JtaPlatformInitiator       : HHH000489: No JTA platform available (set 'hibernate.transaction.jta.platform' to enable JTA platform integration)
2024-03-26T16:41:17.619+09:00  INFO 948 --- [ch07] [main] j.LocalContainerEntityManagerFactoryBean : Initialized JPA EntityManagerFactory for persistence unit 'default'
2024-03-26T16:41:17.732+09:00  WARN 948 --- [ch07] [main] JpaBaseConfiguration$JpaWebConfiguration : spring.jpa.open-in-view is enabled by default. Therefore, database queries may be performed during view rendering. Explicitly configure spring.jpa.open-in-view to disable this warning
2024-03-26T16:41:17.753+09:00  INFO 948 --- [ch07] [main] o.s.b.a.w.s.WelcomePageHandlerMapping    : Adding welcome page template: index
2024-03-26T16:41:18.450+09:00  INFO 948 --- [ch07] [main] k.co.ch07.repository.shop.QueryDslTest   : Started QueryDslTest in 3.116 seconds (process running for 3.637)
2024-03-26T16:41:18.976+09:00  INFO 948 --- [ch07] [main] k.co.ch07.repository.shop.QueryDslTest   : [Customer(custId=a101, name=김유신, age=23, hp=null, addr=null, regDate=null), Customer(custId=a102, name=김춘추, age=21, hp=null, addr=null, regDate=null), Customer(custId=a103, name=장보고, age=31, hp=null, addr=null, regDate=null), Customer(custId=a104, name=강감찬, age=41, hp=null, addr=null, regDate=null), Customer(custId=a105, name=이순신, age=51, hp=null, addr=null, regDate=null)]
2024-03-26T16:41:19.022+09:00  INFO 948 --- [ch07] [main] k.co.ch07.repository.shop.QueryDslTest   : [Customer(custId=a101, name=김유신, age=23, hp=010-1234-1001, addr=서울, regDate=2024-03-12T17:06:03)]
2024-03-26T16:41:19.022+09:00  INFO 948 --- [ch07] [main] k.co.ch07.repository.shop.QueryDslTest   : [Customer(custId=a102, name=김춘추, age=21, hp=010-1234-1002, addr=대전, regDate=2024-03-12T17:06:03), Customer(custId=a103, name=장보고, age=31, hp=010-1234-1003, addr=대구, regDate=2024-03-12T17:06:03), Customer(custId=a104, name=강감찬, age=41, hp=010-1234-1004, addr=부산, regDate=2024-03-12T17:06:03), Customer(custId=a105, name=이순신, age=51, hp=010-1234-1005, addr=광주, regDate=2024-03-12T17:06:03)]
2024-03-26T16:41:19.040+09:00  INFO 948 --- [ch07] [main] k.co.ch07.repository.shop.QueryDslTest   : result1 :[Customer(custId=a103, name=장보고, age=31, hp=010-1234-1003, addr=대구, regDate=2024-03-12T17:06:03), Customer(custId=a104, name=강감찬, age=41, hp=010-1234-1004, addr=부산, regDate=2024-03-12T17:06:03), Customer(custId=a105, name=이순신, age=51, hp=010-1234-1005, addr=광주, regDate=2024-03-12T17:06:03)]
2024-03-26T16:41:19.051+09:00  INFO 948 --- [ch07] [main] k.co.ch07.repository.shop.QueryDslTest   : customers : [Customer(custId=a102, name=김춘추, age=21, hp=010-1234-1002, addr=대전, regDate=2024-03-12T17:06:03), Customer(custId=a103, name=장보고, age=31, hp=010-1234-1003, addr=대구, regDate=2024-03-12T17:06:03), Customer(custId=a104, name=강감찬, age=41, hp=010-1234-1004, addr=부산, regDate=2024-03-12T17:06:03)]
2024-03-26T16:41:19.062+09:00  INFO 948 --- [ch07] [main] k.co.ch07.repository.shop.QueryDslTest   : customers : [Customer(custId=a101, name=김유신, age=23, hp=010-1234-1001, addr=서울, regDate=2024-03-12T17:06:03), Customer(custId=a105, name=이순신, age=51, hp=010-1234-1005, addr=광주, regDate=2024-03-12T17:06:03)]
2024-03-26T16:41:19.073+09:00  INFO 948 --- [ch07] [main] k.co.ch07.repository.shop.QueryDslTest   : test12 : []
2024-03-26T16:41:19.104+09:00  INFO 948 --- [ch07] [main] k.co.ch07.repository.shop.QueryDslTest   : test12 : [Customer(custId=a101, name=김유신, age=23, hp=010-1234-1001, addr=서울, regDate=2024-03-12T17:06:03)]
2024-03-26T16:41:19.112+09:00  INFO 948 --- [ch07] [SpringApplicationShutdownHook] j.LocalContainerEntityManagerFactoryBean : Closing JPA EntityManagerFactory for persistence unit 'default'
2024-03-26T16:41:19.114+09:00  INFO 948 --- [ch07] [SpringApplicationShutdownHook] com.zaxxer.hikari.HikariDataSource       : HikariPool-1 - Shutdown initiated...
2024-03-26T16:41:19.120+09:00  INFO 948 --- [ch07] [SpringApplicationShutdownHook] com.zaxxer.hikari.HikariDataSource       : HikariPool-1 - Shutdown completed.
